2017-04-09 02:48:59 Warning: Warning (2): file_put_contents(/var/www/html/restaurante/tmp/bake/Bake-Model-table-ctp.php): failed to open stream: Permission denied in [/var/www/html/restaurante/vendor/cakephp/bake/src/View/BakeView.php, line 198]
Trace:
Cake\Error\BaseErrorHandler::handleError() - CORE/src/Error/BaseErrorHandler.php, line 153
file_put_contents - [internal], line ??
Bake\View\BakeView::_evaluate() - ROOT/vendor/cakephp/bake/src/View/BakeView.php, line 198
Cake\View\View::_render() - CORE/src/View/View.php, line 972
Bake\View\BakeView::render() - ROOT/vendor/cakephp/bake/src/View/BakeView.php, line 140
Bake\Shell\Task\BakeTemplateTask::generate() - ROOT/vendor/cakephp/bake/src/Shell/Task/BakeTemplateTask.php, line 88
Bake\Shell\Task\ModelTask::bakeTable() - ROOT/vendor/cakephp/bake/src/Shell/Task/ModelTask.php, line 879
Bake\Shell\Task\ModelTask::bake() - ROOT/vendor/cakephp/bake/src/Shell/Task/ModelTask.php, line 111
Bake\Shell\Task\ModelTask::main() - ROOT/vendor/cakephp/bake/src/Shell/Task/ModelTask.php, line 97
Bake\Shell\BakeShell::Bake\Shell\{closure}() - ROOT/vendor/cakephp/bake/src/Shell/BakeShell.php, line 260
Cake\Collection\Collection::each() - CORE/src/Collection/CollectionTrait.php, line 51
Bake\Shell\BakeShell::all() - ROOT/vendor/cakephp/bake/src/Shell/BakeShell.php, line 263
Cake\Console\Shell::runCommand() - CORE/src/Console/Shell.php, line 458
Cake\Console\ShellDispatcher::_dispatch() - CORE/src/Console/ShellDispatcher.php, line 230
Cake\Console\ShellDispatcher::dispatch() - CORE/src/Console/ShellDispatcher.php, line 182
Cake\Console\ShellDispatcher::run() - CORE/src/Console/ShellDispatcher.php, line 128
[main] - ROOT/bin/cake.php, line 34



2017-04-09 02:48:59 Warning: Warning (2): file_put_contents(/var/www/html/restaurante/tmp/bake/Bake-Layout-default-ctp.php): failed to open stream: Permission denied in [/var/www/html/restaurante/vendor/cakephp/bake/src/View/BakeView.php, line 198]
Trace:
Cake\Error\BaseErrorHandler::handleError() - CORE/src/Error/BaseErrorHandler.php, line 153
file_put_contents - [internal], line ??
Bake\View\BakeView::_evaluate() - ROOT/vendor/cakephp/bake/src/View/BakeView.php, line 198
Cake\View\View::_render() - CORE/src/View/View.php, line 972
Cake\View\View::renderLayout() - CORE/src/View/View.php, line 643
Bake\View\BakeView::render() - ROOT/vendor/cakephp/bake/src/View/BakeView.php, line 148
Bake\Shell\Task\BakeTemplateTask::generate() - ROOT/vendor/cakephp/bake/src/Shell/Task/BakeTemplateTask.php, line 88
Bake\Shell\Task\ModelTask::bakeTable() - ROOT/vendor/cakephp/bake/src/Shell/Task/ModelTask.php, line 879
Bake\Shell\Task\ModelTask::bake() - ROOT/vendor/cakephp/bake/src/Shell/Task/ModelTask.php, line 111
Bake\Shell\Task\ModelTask::main() - ROOT/vendor/cakephp/bake/src/Shell/Task/ModelTask.php, line 97
Bake\Shell\BakeShell::Bake\Shell\{closure}() - ROOT/vendor/cakephp/bake/src/Shell/BakeShell.php, line 260
Cake\Collection\Collection::each() - CORE/src/Collection/CollectionTrait.php, line 51
Bake\Shell\BakeShell::all() - ROOT/vendor/cakephp/bake/src/Shell/BakeShell.php, line 263
Cake\Console\Shell::runCommand() - CORE/src/Console/Shell.php, line 458
Cake\Console\ShellDispatcher::_dispatch() - CORE/src/Console/ShellDispatcher.php, line 230
Cake\Console\ShellDispatcher::dispatch() - CORE/src/Console/ShellDispatcher.php, line 182
Cake\Console\ShellDispatcher::run() - CORE/src/Console/ShellDispatcher.php, line 128
[main] - ROOT/bin/cake.php, line 34



2017-04-09 02:48:59 Warning: Warning (2): file_put_contents(/var/www/html/restaurante/tmp/bake/Bake-Model-entity-ctp.php): failed to open stream: Permission denied in [/var/www/html/restaurante/vendor/cakephp/bake/src/View/BakeView.php, line 198]
Trace:
Cake\Error\BaseErrorHandler::handleError() - CORE/src/Error/BaseErrorHandler.php, line 153
file_put_contents - [internal], line ??
Bake\View\BakeView::_evaluate() - ROOT/vendor/cakephp/bake/src/View/BakeView.php, line 198
Cake\View\View::_render() - CORE/src/View/View.php, line 972
Bake\View\BakeView::render() - ROOT/vendor/cakephp/bake/src/View/BakeView.php, line 140
Bake\Shell\Task\BakeTemplateTask::generate() - ROOT/vendor/cakephp/bake/src/Shell/Task/BakeTemplateTask.php, line 88
Bake\Shell\Task\ModelTask::bakeEntity() - ROOT/vendor/cakephp/bake/src/Shell/Task/ModelTask.php, line 829
Bake\Shell\Task\ModelTask::bake() - ROOT/vendor/cakephp/bake/src/Shell/Task/ModelTask.php, line 112
Bake\Shell\Task\ModelTask::main() - ROOT/vendor/cakephp/bake/src/Shell/Task/ModelTask.php, line 97
Bake\Shell\BakeShell::Bake\Shell\{closure}() - ROOT/vendor/cakephp/bake/src/Shell/BakeShell.php, line 260
Cake\Collection\Collection::each() - CORE/src/Collection/CollectionTrait.php, line 51
Bake\Shell\BakeShell::all() - ROOT/vendor/cakephp/bake/src/Shell/BakeShell.php, line 263
Cake\Console\Shell::runCommand() - CORE/src/Console/Shell.php, line 458
Cake\Console\ShellDispatcher::_dispatch() - CORE/src/Console/ShellDispatcher.php, line 230
Cake\Console\ShellDispatcher::dispatch() - CORE/src/Console/ShellDispatcher.php, line 182
Cake\Console\ShellDispatcher::run() - CORE/src/Console/ShellDispatcher.php, line 128
[main] - ROOT/bin/cake.php, line 34



2017-04-09 02:48:59 Warning: Warning (2): file_put_contents(/var/www/html/restaurante/tmp/bake/Bake-Layout-default-ctp.php): failed to open stream: Permission denied in [/var/www/html/restaurante/vendor/cakephp/bake/src/View/BakeView.php, line 198]
Trace:
Cake\Error\BaseErrorHandler::handleError() - CORE/src/Error/BaseErrorHandler.php, line 153
file_put_contents - [internal], line ??
Bake\View\BakeView::_evaluate() - ROOT/vendor/cakephp/bake/src/View/BakeView.php, line 198
Cake\View\View::_render() - CORE/src/View/View.php, line 972
Cake\View\View::renderLayout() - CORE/src/View/View.php, line 643
Bake\View\BakeView::render() - ROOT/vendor/cakephp/bake/src/View/BakeView.php, line 148
Bake\Shell\Task\BakeTemplateTask::generate() - ROOT/vendor/cakephp/bake/src/Shell/Task/BakeTemplateTask.php, line 88
Bake\Shell\Task\ModelTask::bakeEntity() - ROOT/vendor/cakephp/bake/src/Shell/Task/ModelTask.php, line 829
Bake\Shell\Task\ModelTask::bake() - ROOT/vendor/cakephp/bake/src/Shell/Task/ModelTask.php, line 112
Bake\Shell\Task\ModelTask::main() - ROOT/vendor/cakephp/bake/src/Shell/Task/ModelTask.php, line 97
Bake\Shell\BakeShell::Bake\Shell\{closure}() - ROOT/vendor/cakephp/bake/src/Shell/BakeShell.php, line 260
Cake\Collection\Collection::each() - CORE/src/Collection/CollectionTrait.php, line 51
Bake\Shell\BakeShell::all() - ROOT/vendor/cakephp/bake/src/Shell/BakeShell.php, line 263
Cake\Console\Shell::runCommand() - CORE/src/Console/Shell.php, line 458
Cake\Console\ShellDispatcher::_dispatch() - CORE/src/Console/ShellDispatcher.php, line 230
Cake\Console\ShellDispatcher::dispatch() - CORE/src/Console/ShellDispatcher.php, line 182
Cake\Console\ShellDispatcher::run() - CORE/src/Console/ShellDispatcher.php, line 128
[main] - ROOT/bin/cake.php, line 34



2017-04-09 02:48:59 Warning: Warning (2): file_put_contents(/var/www/html/restaurante/tmp/bake/Bake-tests-fixture-ctp.php): failed to open stream: Permission denied in [/var/www/html/restaurante/vendor/cakephp/bake/src/View/BakeView.php, line 198]
Trace:
Cake\Error\BaseErrorHandler::handleError() - CORE/src/Error/BaseErrorHandler.php, line 153
file_put_contents - [internal], line ??
Bake\View\BakeView::_evaluate() - ROOT/vendor/cakephp/bake/src/View/BakeView.php, line 198
Cake\View\View::_render() - CORE/src/View/View.php, line 972
Bake\View\BakeView::render() - ROOT/vendor/cakephp/bake/src/View/BakeView.php, line 140
Bake\Shell\Task\BakeTemplateTask::generate() - ROOT/vendor/cakephp/bake/src/Shell/Task/BakeTemplateTask.php, line 88
Bake\Shell\Task\FixtureTask::generateFixtureFile() - ROOT/vendor/cakephp/bake/src/Shell/Task/FixtureTask.php, line 231
Bake\Shell\Task\FixtureTask::bake() - ROOT/vendor/cakephp/bake/src/Shell/Task/FixtureTask.php, line 200
Bake\Shell\Task\ModelTask::bakeFixture() - ROOT/vendor/cakephp/bake/src/Shell/Task/ModelTask.php, line 1064
Bake\Shell\Task\ModelTask::bake() - ROOT/vendor/cakephp/bake/src/Shell/Task/ModelTask.php, line 113
Bake\Shell\Task\ModelTask::main() - ROOT/vendor/cakephp/bake/src/Shell/Task/ModelTask.php, line 97
Bake\Shell\BakeShell::Bake\Shell\{closure}() - ROOT/vendor/cakephp/bake/src/Shell/BakeShell.php, line 260
Cake\Collection\Collection::each() - CORE/src/Collection/CollectionTrait.php, line 51
Bake\Shell\BakeShell::all() - ROOT/vendor/cakephp/bake/src/Shell/BakeShell.php, line 263
Cake\Console\Shell::runCommand() - CORE/src/Console/Shell.php, line 458
Cake\Console\ShellDispatcher::_dispatch() - CORE/src/Console/ShellDispatcher.php, line 230
Cake\Console\ShellDispatcher::dispatch() - CORE/src/Console/ShellDispatcher.php, line 182
Cake\Console\ShellDispatcher::run() - CORE/src/Console/ShellDispatcher.php, line 128
[main] - ROOT/bin/cake.php, line 34



2017-04-09 02:48:59 Warning: Warning (2): file_put_contents(/var/www/html/restaurante/tmp/bake/Bake-Layout-default-ctp.php): failed to open stream: Permission denied in [/var/www/html/restaurante/vendor/cakephp/bake/src/View/BakeView.php, line 198]
Trace:
Cake\Error\BaseErrorHandler::handleError() - CORE/src/Error/BaseErrorHandler.php, line 153
file_put_contents - [internal], line ??
Bake\View\BakeView::_evaluate() - ROOT/vendor/cakephp/bake/src/View/BakeView.php, line 198
Cake\View\View::_render() - CORE/src/View/View.php, line 972
Cake\View\View::renderLayout() - CORE/src/View/View.php, line 643
Bake\View\BakeView::render() - ROOT/vendor/cakephp/bake/src/View/BakeView.php, line 148
Bake\Shell\Task\BakeTemplateTask::generate() - ROOT/vendor/cakephp/bake/src/Shell/Task/BakeTemplateTask.php, line 88
Bake\Shell\Task\FixtureTask::generateFixtureFile() - ROOT/vendor/cakephp/bake/src/Shell/Task/FixtureTask.php, line 231
Bake\Shell\Task\FixtureTask::bake() - ROOT/vendor/cakephp/bake/src/Shell/Task/FixtureTask.php, line 200
Bake\Shell\Task\ModelTask::bakeFixture() - ROOT/vendor/cakephp/bake/src/Shell/Task/ModelTask.php, line 1064
Bake\Shell\Task\ModelTask::bake() - ROOT/vendor/cakephp/bake/src/Shell/Task/ModelTask.php, line 113
Bake\Shell\Task\ModelTask::main() - ROOT/vendor/cakephp/bake/src/Shell/Task/ModelTask.php, line 97
Bake\Shell\BakeShell::Bake\Shell\{closure}() - ROOT/vendor/cakephp/bake/src/Shell/BakeShell.php, line 260
Cake\Collection\Collection::each() - CORE/src/Collection/CollectionTrait.php, line 51
Bake\Shell\BakeShell::all() - ROOT/vendor/cakephp/bake/src/Shell/BakeShell.php, line 263
Cake\Console\Shell::runCommand() - CORE/src/Console/Shell.php, line 458
Cake\Console\ShellDispatcher::_dispatch() - CORE/src/Console/ShellDispatcher.php, line 230
Cake\Console\ShellDispatcher::dispatch() - CORE/src/Console/ShellDispatcher.php, line 182
Cake\Console\ShellDispatcher::run() - CORE/src/Console/ShellDispatcher.php, line 128
[main] - ROOT/bin/cake.php, line 34



2017-04-09 02:48:59 Warning: Warning (2): file_put_contents(/var/www/html/restaurante/tmp/bake/Bake-tests-test-case-ctp.php): failed to open stream: Permission denied in [/var/www/html/restaurante/vendor/cakephp/bake/src/View/BakeView.php, line 198]
Trace:
Cake\Error\BaseErrorHandler::handleError() - CORE/src/Error/BaseErrorHandler.php, line 153
file_put_contents - [internal], line ??
Bake\View\BakeView::_evaluate() - ROOT/vendor/cakephp/bake/src/View/BakeView.php, line 198
Cake\View\View::_render() - CORE/src/View/View.php, line 972
Bake\View\BakeView::render() - ROOT/vendor/cakephp/bake/src/View/BakeView.php, line 140
Bake\Shell\Task\BakeTemplateTask::generate() - ROOT/vendor/cakephp/bake/src/Shell/Task/BakeTemplateTask.php, line 88
Bake\Shell\Task\TestTask::bake() - ROOT/vendor/cakephp/bake/src/Shell/Task/TestTask.php, line 274
Bake\Shell\Task\ModelTask::bakeTest() - ROOT/vendor/cakephp/bake/src/Shell/Task/ModelTask.php, line 1081
Bake\Shell\Task\ModelTask::bake() - ROOT/vendor/cakephp/bake/src/Shell/Task/ModelTask.php, line 114
Bake\Shell\Task\ModelTask::main() - ROOT/vendor/cakephp/bake/src/Shell/Task/ModelTask.php, line 97
Bake\Shell\BakeShell::Bake\Shell\{closure}() - ROOT/vendor/cakephp/bake/src/Shell/BakeShell.php, line 260
Cake\Collection\Collection::each() - CORE/src/Collection/CollectionTrait.php, line 51
Bake\Shell\BakeShell::all() - ROOT/vendor/cakephp/bake/src/Shell/BakeShell.php, line 263
Cake\Console\Shell::runCommand() - CORE/src/Console/Shell.php, line 458
Cake\Console\ShellDispatcher::_dispatch() - CORE/src/Console/ShellDispatcher.php, line 230
Cake\Console\ShellDispatcher::dispatch() - CORE/src/Console/ShellDispatcher.php, line 182
Cake\Console\ShellDispatcher::run() - CORE/src/Console/ShellDispatcher.php, line 128
[main] - ROOT/bin/cake.php, line 34



2017-04-09 02:48:59 Warning: Warning (2): file_put_contents(/var/www/html/restaurante/tmp/bake/Bake-Layout-default-ctp.php): failed to open stream: Permission denied in [/var/www/html/restaurante/vendor/cakephp/bake/src/View/BakeView.php, line 198]
Trace:
Cake\Error\BaseErrorHandler::handleError() - CORE/src/Error/BaseErrorHandler.php, line 153
file_put_contents - [internal], line ??
Bake\View\BakeView::_evaluate() - ROOT/vendor/cakephp/bake/src/View/BakeView.php, line 198
Cake\View\View::_render() - CORE/src/View/View.php, line 972
Cake\View\View::renderLayout() - CORE/src/View/View.php, line 643
Bake\View\BakeView::render() - ROOT/vendor/cakephp/bake/src/View/BakeView.php, line 148
Bake\Shell\Task\BakeTemplateTask::generate() - ROOT/vendor/cakephp/bake/src/Shell/Task/BakeTemplateTask.php, line 88
Bake\Shell\Task\TestTask::bake() - ROOT/vendor/cakephp/bake/src/Shell/Task/TestTask.php, line 274
Bake\Shell\Task\ModelTask::bakeTest() - ROOT/vendor/cakephp/bake/src/Shell/Task/ModelTask.php, line 1081
Bake\Shell\Task\ModelTask::bake() - ROOT/vendor/cakephp/bake/src/Shell/Task/ModelTask.php, line 114
Bake\Shell\Task\ModelTask::main() - ROOT/vendor/cakephp/bake/src/Shell/Task/ModelTask.php, line 97
Bake\Shell\BakeShell::Bake\Shell\{closure}() - ROOT/vendor/cakephp/bake/src/Shell/BakeShell.php, line 260
Cake\Collection\Collection::each() - CORE/src/Collection/CollectionTrait.php, line 51
Bake\Shell\BakeShell::all() - ROOT/vendor/cakephp/bake/src/Shell/BakeShell.php, line 263
Cake\Console\Shell::runCommand() - CORE/src/Console/Shell.php, line 458
Cake\Console\ShellDispatcher::_dispatch() - CORE/src/Console/ShellDispatcher.php, line 230
Cake\Console\ShellDispatcher::dispatch() - CORE/src/Console/ShellDispatcher.php, line 182
Cake\Console\ShellDispatcher::run() - CORE/src/Console/ShellDispatcher.php, line 128
[main] - ROOT/bin/cake.php, line 34



2017-04-09 02:48:59 Warning: Warning (2): file_put_contents(/var/www/html/restaurante/tmp/bake/Bake-Controller-controller-ctp.php): failed to open stream: Permission denied in [/var/www/html/restaurante/vendor/cakephp/bake/src/View/BakeView.php, line 198]
Trace:
Cake\Error\BaseErrorHandler::handleError() - CORE/src/Error/BaseErrorHandler.php, line 153
file_put_contents - [internal], line ??
Bake\View\BakeView::_evaluate() - ROOT/vendor/cakephp/bake/src/View/BakeView.php, line 198
Cake\View\View::_render() - CORE/src/View/View.php, line 972
Bake\View\BakeView::render() - ROOT/vendor/cakephp/bake/src/View/BakeView.php, line 140
Bake\Shell\Task\BakeTemplateTask::generate() - ROOT/vendor/cakephp/bake/src/Shell/Task/BakeTemplateTask.php, line 88
Bake\Shell\Task\ControllerTask::bakeController() - ROOT/vendor/cakephp/bake/src/Shell/Task/ControllerTask.php, line 179
Bake\Shell\Task\ControllerTask::bake() - ROOT/vendor/cakephp/bake/src/Shell/Task/ControllerTask.php, line 151
Bake\Shell\Task\ControllerTask::main() - ROOT/vendor/cakephp/bake/src/Shell/Task/ControllerTask.php, line 66
Bake\Shell\BakeShell::Bake\Shell\{closure}() - ROOT/vendor/cakephp/bake/src/Shell/BakeShell.php, line 261
Cake\Collection\Collection::each() - CORE/src/Collection/CollectionTrait.php, line 51
Bake\Shell\BakeShell::all() - ROOT/vendor/cakephp/bake/src/Shell/BakeShell.php, line 263
Cake\Console\Shell::runCommand() - CORE/src/Console/Shell.php, line 458
Cake\Console\ShellDispatcher::_dispatch() - CORE/src/Console/ShellDispatcher.php, line 230
Cake\Console\ShellDispatcher::dispatch() - CORE/src/Console/ShellDispatcher.php, line 182
Cake\Console\ShellDispatcher::run() - CORE/src/Console/ShellDispatcher.php, line 128
[main] - ROOT/bin/cake.php, line 34



2017-04-09 02:48:59 Warning: Warning (2): file_put_contents(/var/www/html/restaurante/tmp/bake/Bake-Element-Controller-index-ctp.php): failed to open stream: Permission denied in [/var/www/html/restaurante/vendor/cakephp/bake/src/View/BakeView.php, line 198]
Trace:
Cake\Error\BaseErrorHandler::handleError() - CORE/src/Error/BaseErrorHandler.php, line 153
file_put_contents - [internal], line ??
Bake\View\BakeView::_evaluate() - ROOT/vendor/cakephp/bake/src/View/BakeView.php, line 198
Cake\View\View::_render() - CORE/src/View/View.php, line 972
Cake\View\View::_renderElement() - CORE/src/View/View.php, line 1358
Cake\View\View::element() - CORE/src/View/View.php, line 499
include - ROOT/tmp/bake/Bake-Controller-controller-ctp.php, line 47
Bake\View\BakeView::_evaluate() - ROOT/vendor/cakephp/bake/src/View/BakeView.php, line 204
Cake\View\View::_render() - CORE/src/View/View.php, line 972
Bake\View\BakeView::render() - ROOT/vendor/cakephp/bake/src/View/BakeView.php, line 140
Bake\Shell\Task\BakeTemplateTask::generate() - ROOT/vendor/cakephp/bake/src/Shell/Task/BakeTemplateTask.php, line 88
Bake\Shell\Task\ControllerTask::bakeController() - ROOT/vendor/cakephp/bake/src/Shell/Task/ControllerTask.php, line 179
Bake\Shell\Task\ControllerTask::bake() - ROOT/vendor/cakephp/bake/src/Shell/Task/ControllerTask.php, line 151
Bake\Shell\Task\ControllerTask::main() - ROOT/vendor/cakephp/bake/src/Shell/Task/ControllerTask.php, line 66
Bake\Shell\BakeShell::Bake\Shell\{closure}() - ROOT/vendor/cakephp/bake/src/Shell/BakeShell.php, line 261
Cake\Collection\Collection::each() - CORE/src/Collection/CollectionTrait.php, line 51
Bake\Shell\BakeShell::all() - ROOT/vendor/cakephp/bake/src/Shell/BakeShell.php, line 263
Cake\Console\Shell::runCommand() - CORE/src/Console/Shell.php, line 458
Cake\Console\ShellDispatcher::_dispatch() - CORE/src/Console/ShellDispatcher.php, line 230
Cake\Console\ShellDispatcher::dispatch() - CORE/src/Console/ShellDispatcher.php, line 182
Cake\Console\ShellDispatcher::run() - CORE/src/Console/ShellDispatcher.php, line 128
[main] - ROOT/bin/cake.php, line 34



2017-04-09 02:48:59 Warning: Warning (2): file_put_contents(/var/www/html/restaurante/tmp/bake/Bake-Element-Controller-view-ctp.php): failed to open stream: Permission denied in [/var/www/html/restaurante/vendor/cakephp/bake/src/View/BakeView.php, line 198]
Trace:
Cake\Error\BaseErrorHandler::handleError() - CORE/src/Error/BaseErrorHandler.php, line 153
file_put_contents - [internal], line ??
Bake\View\BakeView::_evaluate() - ROOT/vendor/cakephp/bake/src/View/BakeView.php, line 198
Cake\View\View::_render() - CORE/src/View/View.php, line 972
Cake\View\View::_renderElement() - CORE/src/View/View.php, line 1358
Cake\View\View::element() - CORE/src/View/View.php, line 499
include - ROOT/tmp/bake/Bake-Controller-controller-ctp.php, line 47
Bake\View\BakeView::_evaluate() - ROOT/vendor/cakephp/bake/src/View/BakeView.php, line 204
Cake\View\View::_render() - CORE/src/View/View.php, line 972
Bake\View\BakeView::render() - ROOT/vendor/cakephp/bake/src/View/BakeView.php, line 140
Bake\Shell\Task\BakeTemplateTask::generate() - ROOT/vendor/cakephp/bake/src/Shell/Task/BakeTemplateTask.php, line 88
Bake\Shell\Task\ControllerTask::bakeController() - ROOT/vendor/cakephp/bake/src/Shell/Task/ControllerTask.php, line 179
Bake\Shell\Task\ControllerTask::bake() - ROOT/vendor/cakephp/bake/src/Shell/Task/ControllerTask.php, line 151
Bake\Shell\Task\ControllerTask::main() - ROOT/vendor/cakephp/bake/src/Shell/Task/ControllerTask.php, line 66
Bake\Shell\BakeShell::Bake\Shell\{closure}() - ROOT/vendor/cakephp/bake/src/Shell/BakeShell.php, line 261
Cake\Collection\Collection::each() - CORE/src/Collection/CollectionTrait.php, line 51
Bake\Shell\BakeShell::all() - ROOT/vendor/cakephp/bake/src/Shell/BakeShell.php, line 263
Cake\Console\Shell::runCommand() - CORE/src/Console/Shell.php, line 458
Cake\Console\ShellDispatcher::_dispatch() - CORE/src/Console/ShellDispatcher.php, line 230
Cake\Console\ShellDispatcher::dispatch() - CORE/src/Console/ShellDispatcher.php, line 182
Cake\Console\ShellDispatcher::run() - CORE/src/Console/ShellDispatcher.php, line 128
[main] - ROOT/bin/cake.php, line 34



2017-04-09 02:48:59 Warning: Warning (2): file_put_contents(/var/www/html/restaurante/tmp/bake/Bake-Element-Controller-add-ctp.php): failed to open stream: Permission denied in [/var/www/html/restaurante/vendor/cakephp/bake/src/View/BakeView.php, line 198]
Trace:
Cake\Error\BaseErrorHandler::handleError() - CORE/src/Error/BaseErrorHandler.php, line 153
file_put_contents - [internal], line ??
Bake\View\BakeView::_evaluate() - ROOT/vendor/cakephp/bake/src/View/BakeView.php, line 198
Cake\View\View::_render() - CORE/src/View/View.php, line 972
Cake\View\View::_renderElement() - CORE/src/View/View.php, line 1358
Cake\View\View::element() - CORE/src/View/View.php, line 499
include - ROOT/tmp/bake/Bake-Controller-controller-ctp.php, line 47
Bake\View\BakeView::_evaluate() - ROOT/vendor/cakephp/bake/src/View/BakeView.php, line 204
Cake\View\View::_render() - CORE/src/View/View.php, line 972
Bake\View\BakeView::render() - ROOT/vendor/cakephp/bake/src/View/BakeView.php, line 140
Bake\Shell\Task\BakeTemplateTask::generate() - ROOT/vendor/cakephp/bake/src/Shell/Task/BakeTemplateTask.php, line 88
Bake\Shell\Task\ControllerTask::bakeController() - ROOT/vendor/cakephp/bake/src/Shell/Task/ControllerTask.php, line 179
Bake\Shell\Task\ControllerTask::bake() - ROOT/vendor/cakephp/bake/src/Shell/Task/ControllerTask.php, line 151
Bake\Shell\Task\ControllerTask::main() - ROOT/vendor/cakephp/bake/src/Shell/Task/ControllerTask.php, line 66
Bake\Shell\BakeShell::Bake\Shell\{closure}() - ROOT/vendor/cakephp/bake/src/Shell/BakeShell.php, line 261
Cake\Collection\Collection::each() - CORE/src/Collection/CollectionTrait.php, line 51
Bake\Shell\BakeShell::all() - ROOT/vendor/cakephp/bake/src/Shell/BakeShell.php, line 263
Cake\Console\Shell::runCommand() - CORE/src/Console/Shell.php, line 458
Cake\Console\ShellDispatcher::_dispatch() - CORE/src/Console/ShellDispatcher.php, line 230
Cake\Console\ShellDispatcher::dispatch() - CORE/src/Console/ShellDispatcher.php, line 182
Cake\Console\ShellDispatcher::run() - CORE/src/Console/ShellDispatcher.php, line 128
[main] - ROOT/bin/cake.php, line 34



2017-04-09 02:48:59 Warning: Warning (2): file_put_contents(/var/www/html/restaurante/tmp/bake/Bake-Element-Controller-edit-ctp.php): failed to open stream: Permission denied in [/var/www/html/restaurante/vendor/cakephp/bake/src/View/BakeView.php, line 198]
Trace:
Cake\Error\BaseErrorHandler::handleError() - CORE/src/Error/BaseErrorHandler.php, line 153
file_put_contents - [internal], line ??
Bake\View\BakeView::_evaluate() - ROOT/vendor/cakephp/bake/src/View/BakeView.php, line 198
Cake\View\View::_render() - CORE/src/View/View.php, line 972
Cake\View\View::_renderElement() - CORE/src/View/View.php, line 1358
Cake\View\View::element() - CORE/src/View/View.php, line 499
include - ROOT/tmp/bake/Bake-Controller-controller-ctp.php, line 47
Bake\View\BakeView::_evaluate() - ROOT/vendor/cakephp/bake/src/View/BakeView.php, line 204
Cake\View\View::_render() - CORE/src/View/View.php, line 972
Bake\View\BakeView::render() - ROOT/vendor/cakephp/bake/src/View/BakeView.php, line 140
Bake\Shell\Task\BakeTemplateTask::generate() - ROOT/vendor/cakephp/bake/src/Shell/Task/BakeTemplateTask.php, line 88
Bake\Shell\Task\ControllerTask::bakeController() - ROOT/vendor/cakephp/bake/src/Shell/Task/ControllerTask.php, line 179
Bake\Shell\Task\ControllerTask::bake() - ROOT/vendor/cakephp/bake/src/Shell/Task/ControllerTask.php, line 151
Bake\Shell\Task\ControllerTask::main() - ROOT/vendor/cakephp/bake/src/Shell/Task/ControllerTask.php, line 66
Bake\Shell\BakeShell::Bake\Shell\{closure}() - ROOT/vendor/cakephp/bake/src/Shell/BakeShell.php, line 261
Cake\Collection\Collection::each() - CORE/src/Collection/CollectionTrait.php, line 51
Bake\Shell\BakeShell::all() - ROOT/vendor/cakephp/bake/src/Shell/BakeShell.php, line 263
Cake\Console\Shell::runCommand() - CORE/src/Console/Shell.php, line 458
Cake\Console\ShellDispatcher::_dispatch() - CORE/src/Console/ShellDispatcher.php, line 230
Cake\Console\ShellDispatcher::dispatch() - CORE/src/Console/ShellDispatcher.php, line 182
Cake\Console\ShellDispatcher::run() - CORE/src/Console/ShellDispatcher.php, line 128
[main] - ROOT/bin/cake.php, line 34



2017-04-09 02:48:59 Warning: Warning (2): file_put_contents(/var/www/html/restaurante/tmp/bake/Bake-Element-Controller-delete-ctp.php): failed to open stream: Permission denied in [/var/www/html/restaurante/vendor/cakephp/bake/src/View/BakeView.php, line 198]
Trace:
Cake\Error\BaseErrorHandler::handleError() - CORE/src/Error/BaseErrorHandler.php, line 153
file_put_contents - [internal], line ??
Bake\View\BakeView::_evaluate() - ROOT/vendor/cakephp/bake/src/View/BakeView.php, line 198
Cake\View\View::_render() - CORE/src/View/View.php, line 972
Cake\View\View::_renderElement() - CORE/src/View/View.php, line 1358
Cake\View\View::element() - CORE/src/View/View.php, line 499
include - ROOT/tmp/bake/Bake-Controller-controller-ctp.php, line 47
Bake\View\BakeView::_evaluate() - ROOT/vendor/cakephp/bake/src/View/BakeView.php, line 204
Cake\View\View::_render() - CORE/src/View/View.php, line 972
Bake\View\BakeView::render() - ROOT/vendor/cakephp/bake/src/View/BakeView.php, line 140
Bake\Shell\Task\BakeTemplateTask::generate() - ROOT/vendor/cakephp/bake/src/Shell/Task/BakeTemplateTask.php, line 88
Bake\Shell\Task\ControllerTask::bakeController() - ROOT/vendor/cakephp/bake/src/Shell/Task/ControllerTask.php, line 179
Bake\Shell\Task\ControllerTask::bake() - ROOT/vendor/cakephp/bake/src/Shell/Task/ControllerTask.php, line 151
Bake\Shell\Task\ControllerTask::main() - ROOT/vendor/cakephp/bake/src/Shell/Task/ControllerTask.php, line 66
Bake\Shell\BakeShell::Bake\Shell\{closure}() - ROOT/vendor/cakephp/bake/src/Shell/BakeShell.php, line 261
Cake\Collection\Collection::each() - CORE/src/Collection/CollectionTrait.php, line 51
Bake\Shell\BakeShell::all() - ROOT/vendor/cakephp/bake/src/Shell/BakeShell.php, line 263
Cake\Console\Shell::runCommand() - CORE/src/Console/Shell.php, line 458
Cake\Console\ShellDispatcher::_dispatch() - CORE/src/Console/ShellDispatcher.php, line 230
Cake\Console\ShellDispatcher::dispatch() - CORE/src/Console/ShellDispatcher.php, line 182
Cake\Console\ShellDispatcher::run() - CORE/src/Console/ShellDispatcher.php, line 128
[main] - ROOT/bin/cake.php, line 34



2017-04-09 02:48:59 Warning: Warning (2): file_put_contents(/var/www/html/restaurante/tmp/bake/Bake-Layout-default-ctp.php): failed to open stream: Permission denied in [/var/www/html/restaurante/vendor/cakephp/bake/src/View/BakeView.php, line 198]
Trace:
Cake\Error\BaseErrorHandler::handleError() - CORE/src/Error/BaseErrorHandler.php, line 153
file_put_contents - [internal], line ??
Bake\View\BakeView::_evaluate() - ROOT/vendor/cakephp/bake/src/View/BakeView.php, line 198
Cake\View\View::_render() - CORE/src/View/View.php, line 972
Cake\View\View::renderLayout() - CORE/src/View/View.php, line 643
Bake\View\BakeView::render() - ROOT/vendor/cakephp/bake/src/View/BakeView.php, line 148
Bake\Shell\Task\BakeTemplateTask::generate() - ROOT/vendor/cakephp/bake/src/Shell/Task/BakeTemplateTask.php, line 88
Bake\Shell\Task\ControllerTask::bakeController() - ROOT/vendor/cakephp/bake/src/Shell/Task/ControllerTask.php, line 179
Bake\Shell\Task\ControllerTask::bake() - ROOT/vendor/cakephp/bake/src/Shell/Task/ControllerTask.php, line 151
Bake\Shell\Task\ControllerTask::main() - ROOT/vendor/cakephp/bake/src/Shell/Task/ControllerTask.php, line 66
Bake\Shell\BakeShell::Bake\Shell\{closure}() - ROOT/vendor/cakephp/bake/src/Shell/BakeShell.php, line 261
Cake\Collection\Collection::each() - CORE/src/Collection/CollectionTrait.php, line 51
Bake\Shell\BakeShell::all() - ROOT/vendor/cakephp/bake/src/Shell/BakeShell.php, line 263
Cake\Console\Shell::runCommand() - CORE/src/Console/Shell.php, line 458
Cake\Console\ShellDispatcher::_dispatch() - CORE/src/Console/ShellDispatcher.php, line 230
Cake\Console\ShellDispatcher::dispatch() - CORE/src/Console/ShellDispatcher.php, line 182
Cake\Console\ShellDispatcher::run() - CORE/src/Console/ShellDispatcher.php, line 128
[main] - ROOT/bin/cake.php, line 34



2017-04-09 02:48:59 Warning: Warning (2): file_put_contents(/var/www/html/restaurante/tmp/bake/Bake-tests-test-case-ctp.php): failed to open stream: Permission denied in [/var/www/html/restaurante/vendor/cakephp/bake/src/View/BakeView.php, line 198]
Trace:
Cake\Error\BaseErrorHandler::handleError() - CORE/src/Error/BaseErrorHandler.php, line 153
file_put_contents - [internal], line ??
Bake\View\BakeView::_evaluate() - ROOT/vendor/cakephp/bake/src/View/BakeView.php, line 198
Cake\View\View::_render() - CORE/src/View/View.php, line 972
Bake\View\BakeView::render() - ROOT/vendor/cakephp/bake/src/View/BakeView.php, line 140
Bake\Shell\Task\BakeTemplateTask::generate() - ROOT/vendor/cakephp/bake/src/Shell/Task/BakeTemplateTask.php, line 88
Bake\Shell\Task\TestTask::bake() - ROOT/vendor/cakephp/bake/src/Shell/Task/TestTask.php, line 274
Bake\Shell\Task\ControllerTask::bakeTest() - ROOT/vendor/cakephp/bake/src/Shell/Task/ControllerTask.php, line 206
Bake\Shell\Task\ControllerTask::bake() - ROOT/vendor/cakephp/bake/src/Shell/Task/ControllerTask.php, line 152
Bake\Shell\Task\ControllerTask::main() - ROOT/vendor/cakephp/bake/src/Shell/Task/ControllerTask.php, line 66
Bake\Shell\BakeShell::Bake\Shell\{closure}() - ROOT/vendor/cakephp/bake/src/Shell/BakeShell.php, line 261
Cake\Collection\Collection::each() - CORE/src/Collection/CollectionTrait.php, line 51
Bake\Shell\BakeShell::all() - ROOT/vendor/cakephp/bake/src/Shell/BakeShell.php, line 263
Cake\Console\Shell::runCommand() - CORE/src/Console/Shell.php, line 458
Cake\Console\ShellDispatcher::_dispatch() - CORE/src/Console/ShellDispatcher.php, line 230
Cake\Console\ShellDispatcher::dispatch() - CORE/src/Console/ShellDispatcher.php, line 182
Cake\Console\ShellDispatcher::run() - CORE/src/Console/ShellDispatcher.php, line 128
[main] - ROOT/bin/cake.php, line 34



2017-04-09 02:48:59 Warning: Warning (2): file_put_contents(/var/www/html/restaurante/tmp/bake/Bake-Layout-default-ctp.php): failed to open stream: Permission denied in [/var/www/html/restaurante/vendor/cakephp/bake/src/View/BakeView.php, line 198]
Trace:
Cake\Error\BaseErrorHandler::handleError() - CORE/src/Error/BaseErrorHandler.php, line 153
file_put_contents - [internal], line ??
Bake\View\BakeView::_evaluate() - ROOT/vendor/cakephp/bake/src/View/BakeView.php, line 198
Cake\View\View::_render() - CORE/src/View/View.php, line 972
Cake\View\View::renderLayout() - CORE/src/View/View.php, line 643
Bake\View\BakeView::render() - ROOT/vendor/cakephp/bake/src/View/BakeView.php, line 148
Bake\Shell\Task\BakeTemplateTask::generate() - ROOT/vendor/cakephp/bake/src/Shell/Task/BakeTemplateTask.php, line 88
Bake\Shell\Task\TestTask::bake() - ROOT/vendor/cakephp/bake/src/Shell/Task/TestTask.php, line 274
Bake\Shell\Task\ControllerTask::bakeTest() - ROOT/vendor/cakephp/bake/src/Shell/Task/ControllerTask.php, line 206
Bake\Shell\Task\ControllerTask::bake() - ROOT/vendor/cakephp/bake/src/Shell/Task/ControllerTask.php, line 152
Bake\Shell\Task\ControllerTask::main() - ROOT/vendor/cakephp/bake/src/Shell/Task/ControllerTask.php, line 66
Bake\Shell\BakeShell::Bake\Shell\{closure}() - ROOT/vendor/cakephp/bake/src/Shell/BakeShell.php, line 261
Cake\Collection\Collection::each() - CORE/src/Collection/CollectionTrait.php, line 51
Bake\Shell\BakeShell::all() - ROOT/vendor/cakephp/bake/src/Shell/BakeShell.php, line 263
Cake\Console\Shell::runCommand() - CORE/src/Console/Shell.php, line 458
Cake\Console\ShellDispatcher::_dispatch() - CORE/src/Console/ShellDispatcher.php, line 230
Cake\Console\ShellDispatcher::dispatch() - CORE/src/Console/ShellDispatcher.php, line 182
Cake\Console\ShellDispatcher::run() - CORE/src/Console/ShellDispatcher.php, line 128
[main] - ROOT/bin/cake.php, line 34



2017-04-09 02:48:59 Warning: Warning (2): file_put_contents(/var/www/html/restaurante/tmp/bake/index-ctp.php): failed to open stream: Permission denied in [/var/www/html/restaurante/vendor/cakephp/bake/src/View/BakeView.php, line 198]
Trace:
Cake\Error\BaseErrorHandler::handleError() - CORE/src/Error/BaseErrorHandler.php, line 153
file_put_contents - [internal], line ??
Bake\View\BakeView::_evaluate() - ROOT/vendor/cakephp/bake/src/View/BakeView.php, line 198
Cake\View\View::_render() - CORE/src/View/View.php, line 972
Bake\View\BakeView::render() - ROOT/vendor/cakephp/bake/src/View/BakeView.php, line 140
Bake\Shell\Task\BakeTemplateTask::generate() - ROOT/vendor/cakephp/bake/src/Shell/Task/BakeTemplateTask.php, line 88
Bake\Shell\Task\TemplateTask::getContent() - ROOT/vendor/cakephp/bake/src/Shell/Task/TemplateTask.php, line 430
Bake\Shell\Task\TemplateTask::main() - ROOT/vendor/cakephp/bake/src/Shell/Task/TemplateTask.php, line 152
Bake\Shell\BakeShell::Bake\Shell\{closure}() - ROOT/vendor/cakephp/bake/src/Shell/BakeShell.php, line 262
Cake\Collection\Collection::each() - CORE/src/Collection/CollectionTrait.php, line 51
Bake\Shell\BakeShell::all() - ROOT/vendor/cakephp/bake/src/Shell/BakeShell.php, line 263
Cake\Console\Shell::runCommand() - CORE/src/Console/Shell.php, line 458
Cake\Console\ShellDispatcher::_dispatch() - CORE/src/Console/ShellDispatcher.php, line 230
Cake\Console\ShellDispatcher::dispatch() - CORE/src/Console/ShellDispatcher.php, line 182
Cake\Console\ShellDispatcher::run() - CORE/src/Console/ShellDispatcher.php, line 128
[main] - ROOT/bin/cake.php, line 34



2017-04-09 02:48:59 Warning: Warning (2): file_put_contents(/var/www/html/restaurante/tmp/bake/Bake-Layout-default-ctp.php): failed to open stream: Permission denied in [/var/www/html/restaurante/vendor/cakephp/bake/src/View/BakeView.php, line 198]
Trace:
Cake\Error\BaseErrorHandler::handleError() - CORE/src/Error/BaseErrorHandler.php, line 153
file_put_contents - [internal], line ??
Bake\View\BakeView::_evaluate() - ROOT/vendor/cakephp/bake/src/View/BakeView.php, line 198
Cake\View\View::_render() - CORE/src/View/View.php, line 972
Cake\View\View::renderLayout() - CORE/src/View/View.php, line 643
Bake\View\BakeView::render() - ROOT/vendor/cakephp/bake/src/View/BakeView.php, line 148
Bake\Shell\Task\BakeTemplateTask::generate() - ROOT/vendor/cakephp/bake/src/Shell/Task/BakeTemplateTask.php, line 88
Bake\Shell\Task\TemplateTask::getContent() - ROOT/vendor/cakephp/bake/src/Shell/Task/TemplateTask.php, line 430
Bake\Shell\Task\TemplateTask::main() - ROOT/vendor/cakephp/bake/src/Shell/Task/TemplateTask.php, line 152
Bake\Shell\BakeShell::Bake\Shell\{closure}() - ROOT/vendor/cakephp/bake/src/Shell/BakeShell.php, line 262
Cake\Collection\Collection::each() - CORE/src/Collection/CollectionTrait.php, line 51
Bake\Shell\BakeShell::all() - ROOT/vendor/cakephp/bake/src/Shell/BakeShell.php, line 263
Cake\Console\Shell::runCommand() - CORE/src/Console/Shell.php, line 458
Cake\Console\ShellDispatcher::_dispatch() - CORE/src/Console/ShellDispatcher.php, line 230
Cake\Console\ShellDispatcher::dispatch() - CORE/src/Console/ShellDispatcher.php, line 182
Cake\Console\ShellDispatcher::run() - CORE/src/Console/ShellDispatcher.php, line 128
[main] - ROOT/bin/cake.php, line 34



2017-04-09 02:48:59 Warning: Warning (2): file_put_contents(/var/www/html/restaurante/tmp/bake/view-ctp.php): failed to open stream: Permission denied in [/var/www/html/restaurante/vendor/cakephp/bake/src/View/BakeView.php, line 198]
Trace:
Cake\Error\BaseErrorHandler::handleError() - CORE/src/Error/BaseErrorHandler.php, line 153
file_put_contents - [internal], line ??
Bake\View\BakeView::_evaluate() - ROOT/vendor/cakephp/bake/src/View/BakeView.php, line 198
Cake\View\View::_render() - CORE/src/View/View.php, line 972
Bake\View\BakeView::render() - ROOT/vendor/cakephp/bake/src/View/BakeView.php, line 140
Bake\Shell\Task\BakeTemplateTask::generate() - ROOT/vendor/cakephp/bake/src/Shell/Task/BakeTemplateTask.php, line 88
Bake\Shell\Task\TemplateTask::getContent() - ROOT/vendor/cakephp/bake/src/Shell/Task/TemplateTask.php, line 430
Bake\Shell\Task\TemplateTask::main() - ROOT/vendor/cakephp/bake/src/Shell/Task/TemplateTask.php, line 152
Bake\Shell\BakeShell::Bake\Shell\{closure}() - ROOT/vendor/cakephp/bake/src/Shell/BakeShell.php, line 262
Cake\Collection\Collection::each() - CORE/src/Collection/CollectionTrait.php, line 51
Bake\Shell\BakeShell::all() - ROOT/vendor/cakephp/bake/src/Shell/BakeShell.php, line 263
Cake\Console\Shell::runCommand() - CORE/src/Console/Shell.php, line 458
Cake\Console\ShellDispatcher::_dispatch() - CORE/src/Console/ShellDispatcher.php, line 230
Cake\Console\ShellDispatcher::dispatch() - CORE/src/Console/ShellDispatcher.php, line 182
Cake\Console\ShellDispatcher::run() - CORE/src/Console/ShellDispatcher.php, line 128
[main] - ROOT/bin/cake.php, line 34



2017-04-09 02:48:59 Warning: Warning (2): file_put_contents(/var/www/html/restaurante/tmp/bake/Bake-Layout-default-ctp.php): failed to open stream: Permission denied in [/var/www/html/restaurante/vendor/cakephp/bake/src/View/BakeView.php, line 198]
Trace:
Cake\Error\BaseErrorHandler::handleError() - CORE/src/Error/BaseErrorHandler.php, line 153
file_put_contents - [internal], line ??
Bake\View\BakeView::_evaluate() - ROOT/vendor/cakephp/bake/src/View/BakeView.php, line 198
Cake\View\View::_render() - CORE/src/View/View.php, line 972
Cake\View\View::renderLayout() - CORE/src/View/View.php, line 643
Bake\View\BakeView::render() - ROOT/vendor/cakephp/bake/src/View/BakeView.php, line 148
Bake\Shell\Task\BakeTemplateTask::generate() - ROOT/vendor/cakephp/bake/src/Shell/Task/BakeTemplateTask.php, line 88
Bake\Shell\Task\TemplateTask::getContent() - ROOT/vendor/cakephp/bake/src/Shell/Task/TemplateTask.php, line 430
Bake\Shell\Task\TemplateTask::main() - ROOT/vendor/cakephp/bake/src/Shell/Task/TemplateTask.php, line 152
Bake\Shell\BakeShell::Bake\Shell\{closure}() - ROOT/vendor/cakephp/bake/src/Shell/BakeShell.php, line 262
Cake\Collection\Collection::each() - CORE/src/Collection/CollectionTrait.php, line 51
Bake\Shell\BakeShell::all() - ROOT/vendor/cakephp/bake/src/Shell/BakeShell.php, line 263
Cake\Console\Shell::runCommand() - CORE/src/Console/Shell.php, line 458
Cake\Console\ShellDispatcher::_dispatch() - CORE/src/Console/ShellDispatcher.php, line 230
Cake\Console\ShellDispatcher::dispatch() - CORE/src/Console/ShellDispatcher.php, line 182
Cake\Console\ShellDispatcher::run() - CORE/src/Console/ShellDispatcher.php, line 128
[main] - ROOT/bin/cake.php, line 34



2017-04-09 02:48:59 Warning: Warning (2): file_put_contents(/var/www/html/restaurante/tmp/bake/add-ctp.php): failed to open stream: Permission denied in [/var/www/html/restaurante/vendor/cakephp/bake/src/View/BakeView.php, line 198]
Trace:
Cake\Error\BaseErrorHandler::handleError() - CORE/src/Error/BaseErrorHandler.php, line 153
file_put_contents - [internal], line ??
Bake\View\BakeView::_evaluate() - ROOT/vendor/cakephp/bake/src/View/BakeView.php, line 198
Cake\View\View::_render() - CORE/src/View/View.php, line 972
Bake\View\BakeView::render() - ROOT/vendor/cakephp/bake/src/View/BakeView.php, line 140
Bake\Shell\Task\BakeTemplateTask::generate() - ROOT/vendor/cakephp/bake/src/Shell/Task/BakeTemplateTask.php, line 88
Bake\Shell\Task\TemplateTask::getContent() - ROOT/vendor/cakephp/bake/src/Shell/Task/TemplateTask.php, line 430
Bake\Shell\Task\TemplateTask::main() - ROOT/vendor/cakephp/bake/src/Shell/Task/TemplateTask.php, line 152
Bake\Shell\BakeShell::Bake\Shell\{closure}() - ROOT/vendor/cakephp/bake/src/Shell/BakeShell.php, line 262
Cake\Collection\Collection::each() - CORE/src/Collection/CollectionTrait.php, line 51
Bake\Shell\BakeShell::all() - ROOT/vendor/cakephp/bake/src/Shell/BakeShell.php, line 263
Cake\Console\Shell::runCommand() - CORE/src/Console/Shell.php, line 458
Cake\Console\ShellDispatcher::_dispatch() - CORE/src/Console/ShellDispatcher.php, line 230
Cake\Console\ShellDispatcher::dispatch() - CORE/src/Console/ShellDispatcher.php, line 182
Cake\Console\ShellDispatcher::run() - CORE/src/Console/ShellDispatcher.php, line 128
[main] - ROOT/bin/cake.php, line 34



2017-04-09 02:48:59 Warning: Warning (2): file_put_contents(/var/www/html/restaurante/tmp/bake/Bake-Element-form-ctp.php): failed to open stream: Permission denied in [/var/www/html/restaurante/vendor/cakephp/bake/src/View/BakeView.php, line 198]
Trace:
Cake\Error\BaseErrorHandler::handleError() - CORE/src/Error/BaseErrorHandler.php, line 153
file_put_contents - [internal], line ??
Bake\View\BakeView::_evaluate() - ROOT/vendor/cakephp/bake/src/View/BakeView.php, line 198
Cake\View\View::_render() - CORE/src/View/View.php, line 972
Cake\View\View::_renderElement() - CORE/src/View/View.php, line 1358
Cake\View\View::element() - CORE/src/View/View.php, line 499
include - ROOT/tmp/bake/add-ctp.php, line 21
Bake\View\BakeView::_evaluate() - ROOT/vendor/cakephp/bake/src/View/BakeView.php, line 204
Cake\View\View::_render() - CORE/src/View/View.php, line 972
Bake\View\BakeView::render() - ROOT/vendor/cakephp/bake/src/View/BakeView.php, line 140
Bake\Shell\Task\BakeTemplateTask::generate() - ROOT/vendor/cakephp/bake/src/Shell/Task/BakeTemplateTask.php, line 88
Bake\Shell\Task\TemplateTask::getContent() - ROOT/vendor/cakephp/bake/src/Shell/Task/TemplateTask.php, line 430
Bake\Shell\Task\TemplateTask::main() - ROOT/vendor/cakephp/bake/src/Shell/Task/TemplateTask.php, line 152
Bake\Shell\BakeShell::Bake\Shell\{closure}() - ROOT/vendor/cakephp/bake/src/Shell/BakeShell.php, line 262
Cake\Collection\Collection::each() - CORE/src/Collection/CollectionTrait.php, line 51
Bake\Shell\BakeShell::all() - ROOT/vendor/cakephp/bake/src/Shell/BakeShell.php, line 263
Cake\Console\Shell::runCommand() - CORE/src/Console/Shell.php, line 458
Cake\Console\ShellDispatcher::_dispatch() - CORE/src/Console/ShellDispatcher.php, line 230
Cake\Console\ShellDispatcher::dispatch() - CORE/src/Console/ShellDispatcher.php, line 182
Cake\Console\ShellDispatcher::run() - CORE/src/Console/ShellDispatcher.php, line 128
[main] - ROOT/bin/cake.php, line 34



2017-04-09 02:48:59 Warning: Warning (2): file_put_contents(/var/www/html/restaurante/tmp/bake/Bake-Layout-default-ctp.php): failed to open stream: Permission denied in [/var/www/html/restaurante/vendor/cakephp/bake/src/View/BakeView.php, line 198]
Trace:
Cake\Error\BaseErrorHandler::handleError() - CORE/src/Error/BaseErrorHandler.php, line 153
file_put_contents - [internal], line ??
Bake\View\BakeView::_evaluate() - ROOT/vendor/cakephp/bake/src/View/BakeView.php, line 198
Cake\View\View::_render() - CORE/src/View/View.php, line 972
Cake\View\View::renderLayout() - CORE/src/View/View.php, line 643
Bake\View\BakeView::render() - ROOT/vendor/cakephp/bake/src/View/BakeView.php, line 148
Bake\Shell\Task\BakeTemplateTask::generate() - ROOT/vendor/cakephp/bake/src/Shell/Task/BakeTemplateTask.php, line 88
Bake\Shell\Task\TemplateTask::getContent() - ROOT/vendor/cakephp/bake/src/Shell/Task/TemplateTask.php, line 430
Bake\Shell\Task\TemplateTask::main() - ROOT/vendor/cakephp/bake/src/Shell/Task/TemplateTask.php, line 152
Bake\Shell\BakeShell::Bake\Shell\{closure}() - ROOT/vendor/cakephp/bake/src/Shell/BakeShell.php, line 262
Cake\Collection\Collection::each() - CORE/src/Collection/CollectionTrait.php, line 51
Bake\Shell\BakeShell::all() - ROOT/vendor/cakephp/bake/src/Shell/BakeShell.php, line 263
Cake\Console\Shell::runCommand() - CORE/src/Console/Shell.php, line 458
Cake\Console\ShellDispatcher::_dispatch() - CORE/src/Console/ShellDispatcher.php, line 230
Cake\Console\ShellDispatcher::dispatch() - CORE/src/Console/ShellDispatcher.php, line 182
Cake\Console\ShellDispatcher::run() - CORE/src/Console/ShellDispatcher.php, line 128
[main] - ROOT/bin/cake.php, line 34



2017-04-09 02:48:59 Warning: Warning (2): file_put_contents(/var/www/html/restaurante/tmp/bake/edit-ctp.php): failed to open stream: Permission denied in [/var/www/html/restaurante/vendor/cakephp/bake/src/View/BakeView.php, line 198]
Trace:
Cake\Error\BaseErrorHandler::handleError() - CORE/src/Error/BaseErrorHandler.php, line 153
file_put_contents - [internal], line ??
Bake\View\BakeView::_evaluate() - ROOT/vendor/cakephp/bake/src/View/BakeView.php, line 198
Cake\View\View::_render() - CORE/src/View/View.php, line 972
Bake\View\BakeView::render() - ROOT/vendor/cakephp/bake/src/View/BakeView.php, line 140
Bake\Shell\Task\BakeTemplateTask::generate() - ROOT/vendor/cakephp/bake/src/Shell/Task/BakeTemplateTask.php, line 88
Bake\Shell\Task\TemplateTask::getContent() - ROOT/vendor/cakephp/bake/src/Shell/Task/TemplateTask.php, line 430
Bake\Shell\Task\TemplateTask::main() - ROOT/vendor/cakephp/bake/src/Shell/Task/TemplateTask.php, line 152
Bake\Shell\BakeShell::Bake\Shell\{closure}() - ROOT/vendor/cakephp/bake/src/Shell/BakeShell.php, line 262
Cake\Collection\Collection::each() - CORE/src/Collection/CollectionTrait.php, line 51
Bake\Shell\BakeShell::all() - ROOT/vendor/cakephp/bake/src/Shell/BakeShell.php, line 263
Cake\Console\Shell::runCommand() - CORE/src/Console/Shell.php, line 458
Cake\Console\ShellDispatcher::_dispatch() - CORE/src/Console/ShellDispatcher.php, line 230
Cake\Console\ShellDispatcher::dispatch() - CORE/src/Console/ShellDispatcher.php, line 182
Cake\Console\ShellDispatcher::run() - CORE/src/Console/ShellDispatcher.php, line 128
[main] - ROOT/bin/cake.php, line 34



2017-04-09 02:48:59 Warning: Warning (2): file_put_contents(/var/www/html/restaurante/tmp/bake/Bake-Element-form-ctp.php): failed to open stream: Permission denied in [/var/www/html/restaurante/vendor/cakephp/bake/src/View/BakeView.php, line 198]
Trace:
Cake\Error\BaseErrorHandler::handleError() - CORE/src/Error/BaseErrorHandler.php, line 153
file_put_contents - [internal], line ??
Bake\View\BakeView::_evaluate() - ROOT/vendor/cakephp/bake/src/View/BakeView.php, line 198
Cake\View\View::_render() - CORE/src/View/View.php, line 972
Cake\View\View::_renderElement() - CORE/src/View/View.php, line 1358
Cake\View\View::element() - CORE/src/View/View.php, line 499
include - ROOT/tmp/bake/edit-ctp.php, line 21
Bake\View\BakeView::_evaluate() - ROOT/vendor/cakephp/bake/src/View/BakeView.php, line 204
Cake\View\View::_render() - CORE/src/View/View.php, line 972
Bake\View\BakeView::render() - ROOT/vendor/cakephp/bake/src/View/BakeView.php, line 140
Bake\Shell\Task\BakeTemplateTask::generate() - ROOT/vendor/cakephp/bake/src/Shell/Task/BakeTemplateTask.php, line 88
Bake\Shell\Task\TemplateTask::getContent() - ROOT/vendor/cakephp/bake/src/Shell/Task/TemplateTask.php, line 430
Bake\Shell\Task\TemplateTask::main() - ROOT/vendor/cakephp/bake/src/Shell/Task/TemplateTask.php, line 152
Bake\Shell\BakeShell::Bake\Shell\{closure}() - ROOT/vendor/cakephp/bake/src/Shell/BakeShell.php, line 262
Cake\Collection\Collection::each() - CORE/src/Collection/CollectionTrait.php, line 51
Bake\Shell\BakeShell::all() - ROOT/vendor/cakephp/bake/src/Shell/BakeShell.php, line 263
Cake\Console\Shell::runCommand() - CORE/src/Console/Shell.php, line 458
Cake\Console\ShellDispatcher::_dispatch() - CORE/src/Console/ShellDispatcher.php, line 230
Cake\Console\ShellDispatcher::dispatch() - CORE/src/Console/ShellDispatcher.php, line 182
Cake\Console\ShellDispatcher::run() - CORE/src/Console/ShellDispatcher.php, line 128
[main] - ROOT/bin/cake.php, line 34



2017-04-09 02:48:59 Warning: Warning (2): file_put_contents(/var/www/html/restaurante/tmp/bake/Bake-Layout-default-ctp.php): failed to open stream: Permission denied in [/var/www/html/restaurante/vendor/cakephp/bake/src/View/BakeView.php, line 198]
Trace:
Cake\Error\BaseErrorHandler::handleError() - CORE/src/Error/BaseErrorHandler.php, line 153
file_put_contents - [internal], line ??
Bake\View\BakeView::_evaluate() - ROOT/vendor/cakephp/bake/src/View/BakeView.php, line 198
Cake\View\View::_render() - CORE/src/View/View.php, line 972
Cake\View\View::renderLayout() - CORE/src/View/View.php, line 643
Bake\View\BakeView::render() - ROOT/vendor/cakephp/bake/src/View/BakeView.php, line 148
Bake\Shell\Task\BakeTemplateTask::generate() - ROOT/vendor/cakephp/bake/src/Shell/Task/BakeTemplateTask.php, line 88
Bake\Shell\Task\TemplateTask::getContent() - ROOT/vendor/cakephp/bake/src/Shell/Task/TemplateTask.php, line 430
Bake\Shell\Task\TemplateTask::main() - ROOT/vendor/cakephp/bake/src/Shell/Task/TemplateTask.php, line 152
Bake\Shell\BakeShell::Bake\Shell\{closure}() - ROOT/vendor/cakephp/bake/src/Shell/BakeShell.php, line 262
Cake\Collection\Collection::each() - CORE/src/Collection/CollectionTrait.php, line 51
Bake\Shell\BakeShell::all() - ROOT/vendor/cakephp/bake/src/Shell/BakeShell.php, line 263
Cake\Console\Shell::runCommand() - CORE/src/Console/Shell.php, line 458
Cake\Console\ShellDispatcher::_dispatch() - CORE/src/Console/ShellDispatcher.php, line 230
Cake\Console\ShellDispatcher::dispatch() - CORE/src/Console/ShellDispatcher.php, line 182
Cake\Console\ShellDispatcher::run() - CORE/src/Console/ShellDispatcher.php, line 128
[main] - ROOT/bin/cake.php, line 34



2017-04-09 02:51:56 Warning: Warning (2): file_put_contents(/var/www/html/restaurante/tmp/bake/Bake-Model-table-ctp.php): failed to open stream: Permission denied in [/var/www/html/restaurante/vendor/cakephp/bake/src/View/BakeView.php, line 198]
Trace:
Cake\Error\BaseErrorHandler::handleError() - CORE/src/Error/BaseErrorHandler.php, line 153
file_put_contents - [internal], line ??
Bake\View\BakeView::_evaluate() - ROOT/vendor/cakephp/bake/src/View/BakeView.php, line 198
Cake\View\View::_render() - CORE/src/View/View.php, line 972
Bake\View\BakeView::render() - ROOT/vendor/cakephp/bake/src/View/BakeView.php, line 140
Bake\Shell\Task\BakeTemplateTask::generate() - ROOT/vendor/cakephp/bake/src/Shell/Task/BakeTemplateTask.php, line 88
Bake\Shell\Task\ModelTask::bakeTable() - ROOT/vendor/cakephp/bake/src/Shell/Task/ModelTask.php, line 879
Bake\Shell\Task\ModelTask::bake() - ROOT/vendor/cakephp/bake/src/Shell/Task/ModelTask.php, line 111
Bake\Shell\Task\ModelTask::main() - ROOT/vendor/cakephp/bake/src/Shell/Task/ModelTask.php, line 97
Bake\Shell\BakeShell::Bake\Shell\{closure}() - ROOT/vendor/cakephp/bake/src/Shell/BakeShell.php, line 260
Cake\Collection\Collection::each() - CORE/src/Collection/CollectionTrait.php, line 51
Bake\Shell\BakeShell::all() - ROOT/vendor/cakephp/bake/src/Shell/BakeShell.php, line 263
Cake\Console\Shell::runCommand() - CORE/src/Console/Shell.php, line 458
Cake\Console\ShellDispatcher::_dispatch() - CORE/src/Console/ShellDispatcher.php, line 230
Cake\Console\ShellDispatcher::dispatch() - CORE/src/Console/ShellDispatcher.php, line 182
Cake\Console\ShellDispatcher::run() - CORE/src/Console/ShellDispatcher.php, line 128
[main] - ROOT/bin/cake.php, line 34



2017-04-09 02:51:56 Warning: Warning (2): file_put_contents(/var/www/html/restaurante/tmp/bake/Bake-Layout-default-ctp.php): failed to open stream: Permission denied in [/var/www/html/restaurante/vendor/cakephp/bake/src/View/BakeView.php, line 198]
Trace:
Cake\Error\BaseErrorHandler::handleError() - CORE/src/Error/BaseErrorHandler.php, line 153
file_put_contents - [internal], line ??
Bake\View\BakeView::_evaluate() - ROOT/vendor/cakephp/bake/src/View/BakeView.php, line 198
Cake\View\View::_render() - CORE/src/View/View.php, line 972
Cake\View\View::renderLayout() - CORE/src/View/View.php, line 643
Bake\View\BakeView::render() - ROOT/vendor/cakephp/bake/src/View/BakeView.php, line 148
Bake\Shell\Task\BakeTemplateTask::generate() - ROOT/vendor/cakephp/bake/src/Shell/Task/BakeTemplateTask.php, line 88
Bake\Shell\Task\ModelTask::bakeTable() - ROOT/vendor/cakephp/bake/src/Shell/Task/ModelTask.php, line 879
Bake\Shell\Task\ModelTask::bake() - ROOT/vendor/cakephp/bake/src/Shell/Task/ModelTask.php, line 111
Bake\Shell\Task\ModelTask::main() - ROOT/vendor/cakephp/bake/src/Shell/Task/ModelTask.php, line 97
Bake\Shell\BakeShell::Bake\Shell\{closure}() - ROOT/vendor/cakephp/bake/src/Shell/BakeShell.php, line 260
Cake\Collection\Collection::each() - CORE/src/Collection/CollectionTrait.php, line 51
Bake\Shell\BakeShell::all() - ROOT/vendor/cakephp/bake/src/Shell/BakeShell.php, line 263
Cake\Console\Shell::runCommand() - CORE/src/Console/Shell.php, line 458
Cake\Console\ShellDispatcher::_dispatch() - CORE/src/Console/ShellDispatcher.php, line 230
Cake\Console\ShellDispatcher::dispatch() - CORE/src/Console/ShellDispatcher.php, line 182
Cake\Console\ShellDispatcher::run() - CORE/src/Console/ShellDispatcher.php, line 128
[main] - ROOT/bin/cake.php, line 34



2017-04-09 02:51:56 Warning: Warning (2): file_put_contents(/var/www/html/restaurante/tmp/bake/Bake-Model-entity-ctp.php): failed to open stream: Permission denied in [/var/www/html/restaurante/vendor/cakephp/bake/src/View/BakeView.php, line 198]
Trace:
Cake\Error\BaseErrorHandler::handleError() - CORE/src/Error/BaseErrorHandler.php, line 153
file_put_contents - [internal], line ??
Bake\View\BakeView::_evaluate() - ROOT/vendor/cakephp/bake/src/View/BakeView.php, line 198
Cake\View\View::_render() - CORE/src/View/View.php, line 972
Bake\View\BakeView::render() - ROOT/vendor/cakephp/bake/src/View/BakeView.php, line 140
Bake\Shell\Task\BakeTemplateTask::generate() - ROOT/vendor/cakephp/bake/src/Shell/Task/BakeTemplateTask.php, line 88
Bake\Shell\Task\ModelTask::bakeEntity() - ROOT/vendor/cakephp/bake/src/Shell/Task/ModelTask.php, line 829
Bake\Shell\Task\ModelTask::bake() - ROOT/vendor/cakephp/bake/src/Shell/Task/ModelTask.php, line 112
Bake\Shell\Task\ModelTask::main() - ROOT/vendor/cakephp/bake/src/Shell/Task/ModelTask.php, line 97
Bake\Shell\BakeShell::Bake\Shell\{closure}() - ROOT/vendor/cakephp/bake/src/Shell/BakeShell.php, line 260
Cake\Collection\Collection::each() - CORE/src/Collection/CollectionTrait.php, line 51
Bake\Shell\BakeShell::all() - ROOT/vendor/cakephp/bake/src/Shell/BakeShell.php, line 263
Cake\Console\Shell::runCommand() - CORE/src/Console/Shell.php, line 458
Cake\Console\ShellDispatcher::_dispatch() - CORE/src/Console/ShellDispatcher.php, line 230
Cake\Console\ShellDispatcher::dispatch() - CORE/src/Console/ShellDispatcher.php, line 182
Cake\Console\ShellDispatcher::run() - CORE/src/Console/ShellDispatcher.php, line 128
[main] - ROOT/bin/cake.php, line 34



2017-04-09 02:51:56 Warning: Warning (2): file_put_contents(/var/www/html/restaurante/tmp/bake/Bake-Layout-default-ctp.php): failed to open stream: Permission denied in [/var/www/html/restaurante/vendor/cakephp/bake/src/View/BakeView.php, line 198]
Trace:
Cake\Error\BaseErrorHandler::handleError() - CORE/src/Error/BaseErrorHandler.php, line 153
file_put_contents - [internal], line ??
Bake\View\BakeView::_evaluate() - ROOT/vendor/cakephp/bake/src/View/BakeView.php, line 198
Cake\View\View::_render() - CORE/src/View/View.php, line 972
Cake\View\View::renderLayout() - CORE/src/View/View.php, line 643
Bake\View\BakeView::render() - ROOT/vendor/cakephp/bake/src/View/BakeView.php, line 148
Bake\Shell\Task\BakeTemplateTask::generate() - ROOT/vendor/cakephp/bake/src/Shell/Task/BakeTemplateTask.php, line 88
Bake\Shell\Task\ModelTask::bakeEntity() - ROOT/vendor/cakephp/bake/src/Shell/Task/ModelTask.php, line 829
Bake\Shell\Task\ModelTask::bake() - ROOT/vendor/cakephp/bake/src/Shell/Task/ModelTask.php, line 112
Bake\Shell\Task\ModelTask::main() - ROOT/vendor/cakephp/bake/src/Shell/Task/ModelTask.php, line 97
Bake\Shell\BakeShell::Bake\Shell\{closure}() - ROOT/vendor/cakephp/bake/src/Shell/BakeShell.php, line 260
Cake\Collection\Collection::each() - CORE/src/Collection/CollectionTrait.php, line 51
Bake\Shell\BakeShell::all() - ROOT/vendor/cakephp/bake/src/Shell/BakeShell.php, line 263
Cake\Console\Shell::runCommand() - CORE/src/Console/Shell.php, line 458
Cake\Console\ShellDispatcher::_dispatch() - CORE/src/Console/ShellDispatcher.php, line 230
Cake\Console\ShellDispatcher::dispatch() - CORE/src/Console/ShellDispatcher.php, line 182
Cake\Console\ShellDispatcher::run() - CORE/src/Console/ShellDispatcher.php, line 128
[main] - ROOT/bin/cake.php, line 34



2017-04-09 02:51:56 Warning: Warning (2): file_put_contents(/var/www/html/restaurante/tmp/bake/Bake-tests-fixture-ctp.php): failed to open stream: Permission denied in [/var/www/html/restaurante/vendor/cakephp/bake/src/View/BakeView.php, line 198]
Trace:
Cake\Error\BaseErrorHandler::handleError() - CORE/src/Error/BaseErrorHandler.php, line 153
file_put_contents - [internal], line ??
Bake\View\BakeView::_evaluate() - ROOT/vendor/cakephp/bake/src/View/BakeView.php, line 198
Cake\View\View::_render() - CORE/src/View/View.php, line 972
Bake\View\BakeView::render() - ROOT/vendor/cakephp/bake/src/View/BakeView.php, line 140
Bake\Shell\Task\BakeTemplateTask::generate() - ROOT/vendor/cakephp/bake/src/Shell/Task/BakeTemplateTask.php, line 88
Bake\Shell\Task\FixtureTask::generateFixtureFile() - ROOT/vendor/cakephp/bake/src/Shell/Task/FixtureTask.php, line 231
Bake\Shell\Task\FixtureTask::bake() - ROOT/vendor/cakephp/bake/src/Shell/Task/FixtureTask.php, line 200
Bake\Shell\Task\ModelTask::bakeFixture() - ROOT/vendor/cakephp/bake/src/Shell/Task/ModelTask.php, line 1064
Bake\Shell\Task\ModelTask::bake() - ROOT/vendor/cakephp/bake/src/Shell/Task/ModelTask.php, line 113
Bake\Shell\Task\ModelTask::main() - ROOT/vendor/cakephp/bake/src/Shell/Task/ModelTask.php, line 97
Bake\Shell\BakeShell::Bake\Shell\{closure}() - ROOT/vendor/cakephp/bake/src/Shell/BakeShell.php, line 260
Cake\Collection\Collection::each() - CORE/src/Collection/CollectionTrait.php, line 51
Bake\Shell\BakeShell::all() - ROOT/vendor/cakephp/bake/src/Shell/BakeShell.php, line 263
Cake\Console\Shell::runCommand() - CORE/src/Console/Shell.php, line 458
Cake\Console\ShellDispatcher::_dispatch() - CORE/src/Console/ShellDispatcher.php, line 230
Cake\Console\ShellDispatcher::dispatch() - CORE/src/Console/ShellDispatcher.php, line 182
Cake\Console\ShellDispatcher::run() - CORE/src/Console/ShellDispatcher.php, line 128
[main] - ROOT/bin/cake.php, line 34



2017-04-09 02:51:56 Warning: Warning (2): file_put_contents(/var/www/html/restaurante/tmp/bake/Bake-Layout-default-ctp.php): failed to open stream: Permission denied in [/var/www/html/restaurante/vendor/cakephp/bake/src/View/BakeView.php, line 198]
Trace:
Cake\Error\BaseErrorHandler::handleError() - CORE/src/Error/BaseErrorHandler.php, line 153
file_put_contents - [internal], line ??
Bake\View\BakeView::_evaluate() - ROOT/vendor/cakephp/bake/src/View/BakeView.php, line 198
Cake\View\View::_render() - CORE/src/View/View.php, line 972
Cake\View\View::renderLayout() - CORE/src/View/View.php, line 643
Bake\View\BakeView::render() - ROOT/vendor/cakephp/bake/src/View/BakeView.php, line 148
Bake\Shell\Task\BakeTemplateTask::generate() - ROOT/vendor/cakephp/bake/src/Shell/Task/BakeTemplateTask.php, line 88
Bake\Shell\Task\FixtureTask::generateFixtureFile() - ROOT/vendor/cakephp/bake/src/Shell/Task/FixtureTask.php, line 231
Bake\Shell\Task\FixtureTask::bake() - ROOT/vendor/cakephp/bake/src/Shell/Task/FixtureTask.php, line 200
Bake\Shell\Task\ModelTask::bakeFixture() - ROOT/vendor/cakephp/bake/src/Shell/Task/ModelTask.php, line 1064
Bake\Shell\Task\ModelTask::bake() - ROOT/vendor/cakephp/bake/src/Shell/Task/ModelTask.php, line 113
Bake\Shell\Task\ModelTask::main() - ROOT/vendor/cakephp/bake/src/Shell/Task/ModelTask.php, line 97
Bake\Shell\BakeShell::Bake\Shell\{closure}() - ROOT/vendor/cakephp/bake/src/Shell/BakeShell.php, line 260
Cake\Collection\Collection::each() - CORE/src/Collection/CollectionTrait.php, line 51
Bake\Shell\BakeShell::all() - ROOT/vendor/cakephp/bake/src/Shell/BakeShell.php, line 263
Cake\Console\Shell::runCommand() - CORE/src/Console/Shell.php, line 458
Cake\Console\ShellDispatcher::_dispatch() - CORE/src/Console/ShellDispatcher.php, line 230
Cake\Console\ShellDispatcher::dispatch() - CORE/src/Console/ShellDispatcher.php, line 182
Cake\Console\ShellDispatcher::run() - CORE/src/Console/ShellDispatcher.php, line 128
[main] - ROOT/bin/cake.php, line 34



2017-04-09 02:52:05 Warning: Warning (2): file_put_contents(/var/www/html/restaurante/tmp/bake/Bake-tests-test-case-ctp.php): failed to open stream: Permission denied in [/var/www/html/restaurante/vendor/cakephp/bake/src/View/BakeView.php, line 198]
Trace:
Cake\Error\BaseErrorHandler::handleError() - CORE/src/Error/BaseErrorHandler.php, line 153
file_put_contents - [internal], line ??
Bake\View\BakeView::_evaluate() - ROOT/vendor/cakephp/bake/src/View/BakeView.php, line 198
Cake\View\View::_render() - CORE/src/View/View.php, line 972
Bake\View\BakeView::render() - ROOT/vendor/cakephp/bake/src/View/BakeView.php, line 140
Bake\Shell\Task\BakeTemplateTask::generate() - ROOT/vendor/cakephp/bake/src/Shell/Task/BakeTemplateTask.php, line 88
Bake\Shell\Task\TestTask::bake() - ROOT/vendor/cakephp/bake/src/Shell/Task/TestTask.php, line 274
Bake\Shell\Task\ModelTask::bakeTest() - ROOT/vendor/cakephp/bake/src/Shell/Task/ModelTask.php, line 1081
Bake\Shell\Task\ModelTask::bake() - ROOT/vendor/cakephp/bake/src/Shell/Task/ModelTask.php, line 114
Bake\Shell\Task\ModelTask::main() - ROOT/vendor/cakephp/bake/src/Shell/Task/ModelTask.php, line 97
Bake\Shell\BakeShell::Bake\Shell\{closure}() - ROOT/vendor/cakephp/bake/src/Shell/BakeShell.php, line 260
Cake\Collection\Collection::each() - CORE/src/Collection/CollectionTrait.php, line 51
Bake\Shell\BakeShell::all() - ROOT/vendor/cakephp/bake/src/Shell/BakeShell.php, line 263
Cake\Console\Shell::runCommand() - CORE/src/Console/Shell.php, line 458
Cake\Console\ShellDispatcher::_dispatch() - CORE/src/Console/ShellDispatcher.php, line 230
Cake\Console\ShellDispatcher::dispatch() - CORE/src/Console/ShellDispatcher.php, line 182
Cake\Console\ShellDispatcher::run() - CORE/src/Console/ShellDispatcher.php, line 128
[main] - ROOT/bin/cake.php, line 34



2017-04-09 02:52:05 Warning: Warning (2): file_put_contents(/var/www/html/restaurante/tmp/bake/Bake-Layout-default-ctp.php): failed to open stream: Permission denied in [/var/www/html/restaurante/vendor/cakephp/bake/src/View/BakeView.php, line 198]
Trace:
Cake\Error\BaseErrorHandler::handleError() - CORE/src/Error/BaseErrorHandler.php, line 153
file_put_contents - [internal], line ??
Bake\View\BakeView::_evaluate() - ROOT/vendor/cakephp/bake/src/View/BakeView.php, line 198
Cake\View\View::_render() - CORE/src/View/View.php, line 972
Cake\View\View::renderLayout() - CORE/src/View/View.php, line 643
Bake\View\BakeView::render() - ROOT/vendor/cakephp/bake/src/View/BakeView.php, line 148
Bake\Shell\Task\BakeTemplateTask::generate() - ROOT/vendor/cakephp/bake/src/Shell/Task/BakeTemplateTask.php, line 88
Bake\Shell\Task\TestTask::bake() - ROOT/vendor/cakephp/bake/src/Shell/Task/TestTask.php, line 274
Bake\Shell\Task\ModelTask::bakeTest() - ROOT/vendor/cakephp/bake/src/Shell/Task/ModelTask.php, line 1081
Bake\Shell\Task\ModelTask::bake() - ROOT/vendor/cakephp/bake/src/Shell/Task/ModelTask.php, line 114
Bake\Shell\Task\ModelTask::main() - ROOT/vendor/cakephp/bake/src/Shell/Task/ModelTask.php, line 97
Bake\Shell\BakeShell::Bake\Shell\{closure}() - ROOT/vendor/cakephp/bake/src/Shell/BakeShell.php, line 260
Cake\Collection\Collection::each() - CORE/src/Collection/CollectionTrait.php, line 51
Bake\Shell\BakeShell::all() - ROOT/vendor/cakephp/bake/src/Shell/BakeShell.php, line 263
Cake\Console\Shell::runCommand() - CORE/src/Console/Shell.php, line 458
Cake\Console\ShellDispatcher::_dispatch() - CORE/src/Console/ShellDispatcher.php, line 230
Cake\Console\ShellDispatcher::dispatch() - CORE/src/Console/ShellDispatcher.php, line 182
Cake\Console\ShellDispatcher::run() - CORE/src/Console/ShellDispatcher.php, line 128
[main] - ROOT/bin/cake.php, line 34



2017-04-09 02:52:05 Warning: Warning (2): file_put_contents(/var/www/html/restaurante/tmp/bake/Bake-Controller-controller-ctp.php): failed to open stream: Permission denied in [/var/www/html/restaurante/vendor/cakephp/bake/src/View/BakeView.php, line 198]
Trace:
Cake\Error\BaseErrorHandler::handleError() - CORE/src/Error/BaseErrorHandler.php, line 153
file_put_contents - [internal], line ??
Bake\View\BakeView::_evaluate() - ROOT/vendor/cakephp/bake/src/View/BakeView.php, line 198
Cake\View\View::_render() - CORE/src/View/View.php, line 972
Bake\View\BakeView::render() - ROOT/vendor/cakephp/bake/src/View/BakeView.php, line 140
Bake\Shell\Task\BakeTemplateTask::generate() - ROOT/vendor/cakephp/bake/src/Shell/Task/BakeTemplateTask.php, line 88
Bake\Shell\Task\ControllerTask::bakeController() - ROOT/vendor/cakephp/bake/src/Shell/Task/ControllerTask.php, line 179
Bake\Shell\Task\ControllerTask::bake() - ROOT/vendor/cakephp/bake/src/Shell/Task/ControllerTask.php, line 151
Bake\Shell\Task\ControllerTask::main() - ROOT/vendor/cakephp/bake/src/Shell/Task/ControllerTask.php, line 66
Bake\Shell\BakeShell::Bake\Shell\{closure}() - ROOT/vendor/cakephp/bake/src/Shell/BakeShell.php, line 261
Cake\Collection\Collection::each() - CORE/src/Collection/CollectionTrait.php, line 51
Bake\Shell\BakeShell::all() - ROOT/vendor/cakephp/bake/src/Shell/BakeShell.php, line 263
Cake\Console\Shell::runCommand() - CORE/src/Console/Shell.php, line 458
Cake\Console\ShellDispatcher::_dispatch() - CORE/src/Console/ShellDispatcher.php, line 230
Cake\Console\ShellDispatcher::dispatch() - CORE/src/Console/ShellDispatcher.php, line 182
Cake\Console\ShellDispatcher::run() - CORE/src/Console/ShellDispatcher.php, line 128
[main] - ROOT/bin/cake.php, line 34



2017-04-09 02:52:05 Warning: Warning (2): file_put_contents(/var/www/html/restaurante/tmp/bake/Bake-Element-Controller-index-ctp.php): failed to open stream: Permission denied in [/var/www/html/restaurante/vendor/cakephp/bake/src/View/BakeView.php, line 198]
Trace:
Cake\Error\BaseErrorHandler::handleError() - CORE/src/Error/BaseErrorHandler.php, line 153
file_put_contents - [internal], line ??
Bake\View\BakeView::_evaluate() - ROOT/vendor/cakephp/bake/src/View/BakeView.php, line 198
Cake\View\View::_render() - CORE/src/View/View.php, line 972
Cake\View\View::_renderElement() - CORE/src/View/View.php, line 1358
Cake\View\View::element() - CORE/src/View/View.php, line 499
include - ROOT/tmp/bake/Bake-Controller-controller-ctp.php, line 47
Bake\View\BakeView::_evaluate() - ROOT/vendor/cakephp/bake/src/View/BakeView.php, line 204
Cake\View\View::_render() - CORE/src/View/View.php, line 972
Bake\View\BakeView::render() - ROOT/vendor/cakephp/bake/src/View/BakeView.php, line 140
Bake\Shell\Task\BakeTemplateTask::generate() - ROOT/vendor/cakephp/bake/src/Shell/Task/BakeTemplateTask.php, line 88
Bake\Shell\Task\ControllerTask::bakeController() - ROOT/vendor/cakephp/bake/src/Shell/Task/ControllerTask.php, line 179
Bake\Shell\Task\ControllerTask::bake() - ROOT/vendor/cakephp/bake/src/Shell/Task/ControllerTask.php, line 151
Bake\Shell\Task\ControllerTask::main() - ROOT/vendor/cakephp/bake/src/Shell/Task/ControllerTask.php, line 66
Bake\Shell\BakeShell::Bake\Shell\{closure}() - ROOT/vendor/cakephp/bake/src/Shell/BakeShell.php, line 261
Cake\Collection\Collection::each() - CORE/src/Collection/CollectionTrait.php, line 51
Bake\Shell\BakeShell::all() - ROOT/vendor/cakephp/bake/src/Shell/BakeShell.php, line 263
Cake\Console\Shell::runCommand() - CORE/src/Console/Shell.php, line 458
Cake\Console\ShellDispatcher::_dispatch() - CORE/src/Console/ShellDispatcher.php, line 230
Cake\Console\ShellDispatcher::dispatch() - CORE/src/Console/ShellDispatcher.php, line 182
Cake\Console\ShellDispatcher::run() - CORE/src/Console/ShellDispatcher.php, line 128
[main] - ROOT/bin/cake.php, line 34



2017-04-09 02:52:05 Warning: Warning (2): file_put_contents(/var/www/html/restaurante/tmp/bake/Bake-Element-Controller-view-ctp.php): failed to open stream: Permission denied in [/var/www/html/restaurante/vendor/cakephp/bake/src/View/BakeView.php, line 198]
Trace:
Cake\Error\BaseErrorHandler::handleError() - CORE/src/Error/BaseErrorHandler.php, line 153
file_put_contents - [internal], line ??
Bake\View\BakeView::_evaluate() - ROOT/vendor/cakephp/bake/src/View/BakeView.php, line 198
Cake\View\View::_render() - CORE/src/View/View.php, line 972
Cake\View\View::_renderElement() - CORE/src/View/View.php, line 1358
Cake\View\View::element() - CORE/src/View/View.php, line 499
include - ROOT/tmp/bake/Bake-Controller-controller-ctp.php, line 47
Bake\View\BakeView::_evaluate() - ROOT/vendor/cakephp/bake/src/View/BakeView.php, line 204
Cake\View\View::_render() - CORE/src/View/View.php, line 972
Bake\View\BakeView::render() - ROOT/vendor/cakephp/bake/src/View/BakeView.php, line 140
Bake\Shell\Task\BakeTemplateTask::generate() - ROOT/vendor/cakephp/bake/src/Shell/Task/BakeTemplateTask.php, line 88
Bake\Shell\Task\ControllerTask::bakeController() - ROOT/vendor/cakephp/bake/src/Shell/Task/ControllerTask.php, line 179
Bake\Shell\Task\ControllerTask::bake() - ROOT/vendor/cakephp/bake/src/Shell/Task/ControllerTask.php, line 151
Bake\Shell\Task\ControllerTask::main() - ROOT/vendor/cakephp/bake/src/Shell/Task/ControllerTask.php, line 66
Bake\Shell\BakeShell::Bake\Shell\{closure}() - ROOT/vendor/cakephp/bake/src/Shell/BakeShell.php, line 261
Cake\Collection\Collection::each() - CORE/src/Collection/CollectionTrait.php, line 51
Bake\Shell\BakeShell::all() - ROOT/vendor/cakephp/bake/src/Shell/BakeShell.php, line 263
Cake\Console\Shell::runCommand() - CORE/src/Console/Shell.php, line 458
Cake\Console\ShellDispatcher::_dispatch() - CORE/src/Console/ShellDispatcher.php, line 230
Cake\Console\ShellDispatcher::dispatch() - CORE/src/Console/ShellDispatcher.php, line 182
Cake\Console\ShellDispatcher::run() - CORE/src/Console/ShellDispatcher.php, line 128
[main] - ROOT/bin/cake.php, line 34



2017-04-09 02:52:05 Warning: Warning (2): file_put_contents(/var/www/html/restaurante/tmp/bake/Bake-Element-Controller-add-ctp.php): failed to open stream: Permission denied in [/var/www/html/restaurante/vendor/cakephp/bake/src/View/BakeView.php, line 198]
Trace:
Cake\Error\BaseErrorHandler::handleError() - CORE/src/Error/BaseErrorHandler.php, line 153
file_put_contents - [internal], line ??
Bake\View\BakeView::_evaluate() - ROOT/vendor/cakephp/bake/src/View/BakeView.php, line 198
Cake\View\View::_render() - CORE/src/View/View.php, line 972
Cake\View\View::_renderElement() - CORE/src/View/View.php, line 1358
Cake\View\View::element() - CORE/src/View/View.php, line 499
include - ROOT/tmp/bake/Bake-Controller-controller-ctp.php, line 47
Bake\View\BakeView::_evaluate() - ROOT/vendor/cakephp/bake/src/View/BakeView.php, line 204
Cake\View\View::_render() - CORE/src/View/View.php, line 972
Bake\View\BakeView::render() - ROOT/vendor/cakephp/bake/src/View/BakeView.php, line 140
Bake\Shell\Task\BakeTemplateTask::generate() - ROOT/vendor/cakephp/bake/src/Shell/Task/BakeTemplateTask.php, line 88
Bake\Shell\Task\ControllerTask::bakeController() - ROOT/vendor/cakephp/bake/src/Shell/Task/ControllerTask.php, line 179
Bake\Shell\Task\ControllerTask::bake() - ROOT/vendor/cakephp/bake/src/Shell/Task/ControllerTask.php, line 151
Bake\Shell\Task\ControllerTask::main() - ROOT/vendor/cakephp/bake/src/Shell/Task/ControllerTask.php, line 66
Bake\Shell\BakeShell::Bake\Shell\{closure}() - ROOT/vendor/cakephp/bake/src/Shell/BakeShell.php, line 261
Cake\Collection\Collection::each() - CORE/src/Collection/CollectionTrait.php, line 51
Bake\Shell\BakeShell::all() - ROOT/vendor/cakephp/bake/src/Shell/BakeShell.php, line 263
Cake\Console\Shell::runCommand() - CORE/src/Console/Shell.php, line 458
Cake\Console\ShellDispatcher::_dispatch() - CORE/src/Console/ShellDispatcher.php, line 230
Cake\Console\ShellDispatcher::dispatch() - CORE/src/Console/ShellDispatcher.php, line 182
Cake\Console\ShellDispatcher::run() - CORE/src/Console/ShellDispatcher.php, line 128
[main] - ROOT/bin/cake.php, line 34



2017-04-09 02:52:05 Warning: Warning (2): file_put_contents(/var/www/html/restaurante/tmp/bake/Bake-Element-Controller-edit-ctp.php): failed to open stream: Permission denied in [/var/www/html/restaurante/vendor/cakephp/bake/src/View/BakeView.php, line 198]
Trace:
Cake\Error\BaseErrorHandler::handleError() - CORE/src/Error/BaseErrorHandler.php, line 153
file_put_contents - [internal], line ??
Bake\View\BakeView::_evaluate() - ROOT/vendor/cakephp/bake/src/View/BakeView.php, line 198
Cake\View\View::_render() - CORE/src/View/View.php, line 972
Cake\View\View::_renderElement() - CORE/src/View/View.php, line 1358
Cake\View\View::element() - CORE/src/View/View.php, line 499
include - ROOT/tmp/bake/Bake-Controller-controller-ctp.php, line 47
Bake\View\BakeView::_evaluate() - ROOT/vendor/cakephp/bake/src/View/BakeView.php, line 204
Cake\View\View::_render() - CORE/src/View/View.php, line 972
Bake\View\BakeView::render() - ROOT/vendor/cakephp/bake/src/View/BakeView.php, line 140
Bake\Shell\Task\BakeTemplateTask::generate() - ROOT/vendor/cakephp/bake/src/Shell/Task/BakeTemplateTask.php, line 88
Bake\Shell\Task\ControllerTask::bakeController() - ROOT/vendor/cakephp/bake/src/Shell/Task/ControllerTask.php, line 179
Bake\Shell\Task\ControllerTask::bake() - ROOT/vendor/cakephp/bake/src/Shell/Task/ControllerTask.php, line 151
Bake\Shell\Task\ControllerTask::main() - ROOT/vendor/cakephp/bake/src/Shell/Task/ControllerTask.php, line 66
Bake\Shell\BakeShell::Bake\Shell\{closure}() - ROOT/vendor/cakephp/bake/src/Shell/BakeShell.php, line 261
Cake\Collection\Collection::each() - CORE/src/Collection/CollectionTrait.php, line 51
Bake\Shell\BakeShell::all() - ROOT/vendor/cakephp/bake/src/Shell/BakeShell.php, line 263
Cake\Console\Shell::runCommand() - CORE/src/Console/Shell.php, line 458
Cake\Console\ShellDispatcher::_dispatch() - CORE/src/Console/ShellDispatcher.php, line 230
Cake\Console\ShellDispatcher::dispatch() - CORE/src/Console/ShellDispatcher.php, line 182
Cake\Console\ShellDispatcher::run() - CORE/src/Console/ShellDispatcher.php, line 128
[main] - ROOT/bin/cake.php, line 34



2017-04-09 02:52:05 Warning: Warning (2): file_put_contents(/var/www/html/restaurante/tmp/bake/Bake-Element-Controller-delete-ctp.php): failed to open stream: Permission denied in [/var/www/html/restaurante/vendor/cakephp/bake/src/View/BakeView.php, line 198]
Trace:
Cake\Error\BaseErrorHandler::handleError() - CORE/src/Error/BaseErrorHandler.php, line 153
file_put_contents - [internal], line ??
Bake\View\BakeView::_evaluate() - ROOT/vendor/cakephp/bake/src/View/BakeView.php, line 198
Cake\View\View::_render() - CORE/src/View/View.php, line 972
Cake\View\View::_renderElement() - CORE/src/View/View.php, line 1358
Cake\View\View::element() - CORE/src/View/View.php, line 499
include - ROOT/tmp/bake/Bake-Controller-controller-ctp.php, line 47
Bake\View\BakeView::_evaluate() - ROOT/vendor/cakephp/bake/src/View/BakeView.php, line 204
Cake\View\View::_render() - CORE/src/View/View.php, line 972
Bake\View\BakeView::render() - ROOT/vendor/cakephp/bake/src/View/BakeView.php, line 140
Bake\Shell\Task\BakeTemplateTask::generate() - ROOT/vendor/cakephp/bake/src/Shell/Task/BakeTemplateTask.php, line 88
Bake\Shell\Task\ControllerTask::bakeController() - ROOT/vendor/cakephp/bake/src/Shell/Task/ControllerTask.php, line 179
Bake\Shell\Task\ControllerTask::bake() - ROOT/vendor/cakephp/bake/src/Shell/Task/ControllerTask.php, line 151
Bake\Shell\Task\ControllerTask::main() - ROOT/vendor/cakephp/bake/src/Shell/Task/ControllerTask.php, line 66
Bake\Shell\BakeShell::Bake\Shell\{closure}() - ROOT/vendor/cakephp/bake/src/Shell/BakeShell.php, line 261
Cake\Collection\Collection::each() - CORE/src/Collection/CollectionTrait.php, line 51
Bake\Shell\BakeShell::all() - ROOT/vendor/cakephp/bake/src/Shell/BakeShell.php, line 263
Cake\Console\Shell::runCommand() - CORE/src/Console/Shell.php, line 458
Cake\Console\ShellDispatcher::_dispatch() - CORE/src/Console/ShellDispatcher.php, line 230
Cake\Console\ShellDispatcher::dispatch() - CORE/src/Console/ShellDispatcher.php, line 182
Cake\Console\ShellDispatcher::run() - CORE/src/Console/ShellDispatcher.php, line 128
[main] - ROOT/bin/cake.php, line 34



2017-04-09 02:52:05 Warning: Warning (2): file_put_contents(/var/www/html/restaurante/tmp/bake/Bake-Layout-default-ctp.php): failed to open stream: Permission denied in [/var/www/html/restaurante/vendor/cakephp/bake/src/View/BakeView.php, line 198]
Trace:
Cake\Error\BaseErrorHandler::handleError() - CORE/src/Error/BaseErrorHandler.php, line 153
file_put_contents - [internal], line ??
Bake\View\BakeView::_evaluate() - ROOT/vendor/cakephp/bake/src/View/BakeView.php, line 198
Cake\View\View::_render() - CORE/src/View/View.php, line 972
Cake\View\View::renderLayout() - CORE/src/View/View.php, line 643
Bake\View\BakeView::render() - ROOT/vendor/cakephp/bake/src/View/BakeView.php, line 148
Bake\Shell\Task\BakeTemplateTask::generate() - ROOT/vendor/cakephp/bake/src/Shell/Task/BakeTemplateTask.php, line 88
Bake\Shell\Task\ControllerTask::bakeController() - ROOT/vendor/cakephp/bake/src/Shell/Task/ControllerTask.php, line 179
Bake\Shell\Task\ControllerTask::bake() - ROOT/vendor/cakephp/bake/src/Shell/Task/ControllerTask.php, line 151
Bake\Shell\Task\ControllerTask::main() - ROOT/vendor/cakephp/bake/src/Shell/Task/ControllerTask.php, line 66
Bake\Shell\BakeShell::Bake\Shell\{closure}() - ROOT/vendor/cakephp/bake/src/Shell/BakeShell.php, line 261
Cake\Collection\Collection::each() - CORE/src/Collection/CollectionTrait.php, line 51
Bake\Shell\BakeShell::all() - ROOT/vendor/cakephp/bake/src/Shell/BakeShell.php, line 263
Cake\Console\Shell::runCommand() - CORE/src/Console/Shell.php, line 458
Cake\Console\ShellDispatcher::_dispatch() - CORE/src/Console/ShellDispatcher.php, line 230
Cake\Console\ShellDispatcher::dispatch() - CORE/src/Console/ShellDispatcher.php, line 182
Cake\Console\ShellDispatcher::run() - CORE/src/Console/ShellDispatcher.php, line 128
[main] - ROOT/bin/cake.php, line 34



2017-04-09 02:52:05 Warning: Warning (2): file_put_contents(/var/www/html/restaurante/tmp/bake/Bake-tests-test-case-ctp.php): failed to open stream: Permission denied in [/var/www/html/restaurante/vendor/cakephp/bake/src/View/BakeView.php, line 198]
Trace:
Cake\Error\BaseErrorHandler::handleError() - CORE/src/Error/BaseErrorHandler.php, line 153
file_put_contents - [internal], line ??
Bake\View\BakeView::_evaluate() - ROOT/vendor/cakephp/bake/src/View/BakeView.php, line 198
Cake\View\View::_render() - CORE/src/View/View.php, line 972
Bake\View\BakeView::render() - ROOT/vendor/cakephp/bake/src/View/BakeView.php, line 140
Bake\Shell\Task\BakeTemplateTask::generate() - ROOT/vendor/cakephp/bake/src/Shell/Task/BakeTemplateTask.php, line 88
Bake\Shell\Task\TestTask::bake() - ROOT/vendor/cakephp/bake/src/Shell/Task/TestTask.php, line 274
Bake\Shell\Task\ControllerTask::bakeTest() - ROOT/vendor/cakephp/bake/src/Shell/Task/ControllerTask.php, line 206
Bake\Shell\Task\ControllerTask::bake() - ROOT/vendor/cakephp/bake/src/Shell/Task/ControllerTask.php, line 152
Bake\Shell\Task\ControllerTask::main() - ROOT/vendor/cakephp/bake/src/Shell/Task/ControllerTask.php, line 66
Bake\Shell\BakeShell::Bake\Shell\{closure}() - ROOT/vendor/cakephp/bake/src/Shell/BakeShell.php, line 261
Cake\Collection\Collection::each() - CORE/src/Collection/CollectionTrait.php, line 51
Bake\Shell\BakeShell::all() - ROOT/vendor/cakephp/bake/src/Shell/BakeShell.php, line 263
Cake\Console\Shell::runCommand() - CORE/src/Console/Shell.php, line 458
Cake\Console\ShellDispatcher::_dispatch() - CORE/src/Console/ShellDispatcher.php, line 230
Cake\Console\ShellDispatcher::dispatch() - CORE/src/Console/ShellDispatcher.php, line 182
Cake\Console\ShellDispatcher::run() - CORE/src/Console/ShellDispatcher.php, line 128
[main] - ROOT/bin/cake.php, line 34



2017-04-09 02:52:05 Warning: Warning (2): file_put_contents(/var/www/html/restaurante/tmp/bake/Bake-Layout-default-ctp.php): failed to open stream: Permission denied in [/var/www/html/restaurante/vendor/cakephp/bake/src/View/BakeView.php, line 198]
Trace:
Cake\Error\BaseErrorHandler::handleError() - CORE/src/Error/BaseErrorHandler.php, line 153
file_put_contents - [internal], line ??
Bake\View\BakeView::_evaluate() - ROOT/vendor/cakephp/bake/src/View/BakeView.php, line 198
Cake\View\View::_render() - CORE/src/View/View.php, line 972
Cake\View\View::renderLayout() - CORE/src/View/View.php, line 643
Bake\View\BakeView::render() - ROOT/vendor/cakephp/bake/src/View/BakeView.php, line 148
Bake\Shell\Task\BakeTemplateTask::generate() - ROOT/vendor/cakephp/bake/src/Shell/Task/BakeTemplateTask.php, line 88
Bake\Shell\Task\TestTask::bake() - ROOT/vendor/cakephp/bake/src/Shell/Task/TestTask.php, line 274
Bake\Shell\Task\ControllerTask::bakeTest() - ROOT/vendor/cakephp/bake/src/Shell/Task/ControllerTask.php, line 206
Bake\Shell\Task\ControllerTask::bake() - ROOT/vendor/cakephp/bake/src/Shell/Task/ControllerTask.php, line 152
Bake\Shell\Task\ControllerTask::main() - ROOT/vendor/cakephp/bake/src/Shell/Task/ControllerTask.php, line 66
Bake\Shell\BakeShell::Bake\Shell\{closure}() - ROOT/vendor/cakephp/bake/src/Shell/BakeShell.php, line 261
Cake\Collection\Collection::each() - CORE/src/Collection/CollectionTrait.php, line 51
Bake\Shell\BakeShell::all() - ROOT/vendor/cakephp/bake/src/Shell/BakeShell.php, line 263
Cake\Console\Shell::runCommand() - CORE/src/Console/Shell.php, line 458
Cake\Console\ShellDispatcher::_dispatch() - CORE/src/Console/ShellDispatcher.php, line 230
Cake\Console\ShellDispatcher::dispatch() - CORE/src/Console/ShellDispatcher.php, line 182
Cake\Console\ShellDispatcher::run() - CORE/src/Console/ShellDispatcher.php, line 128
[main] - ROOT/bin/cake.php, line 34



2017-04-09 02:52:05 Warning: Warning (2): file_put_contents(/var/www/html/restaurante/tmp/bake/index-ctp.php): failed to open stream: Permission denied in [/var/www/html/restaurante/vendor/cakephp/bake/src/View/BakeView.php, line 198]
Trace:
Cake\Error\BaseErrorHandler::handleError() - CORE/src/Error/BaseErrorHandler.php, line 153
file_put_contents - [internal], line ??
Bake\View\BakeView::_evaluate() - ROOT/vendor/cakephp/bake/src/View/BakeView.php, line 198
Cake\View\View::_render() - CORE/src/View/View.php, line 972
Bake\View\BakeView::render() - ROOT/vendor/cakephp/bake/src/View/BakeView.php, line 140
Bake\Shell\Task\BakeTemplateTask::generate() - ROOT/vendor/cakephp/bake/src/Shell/Task/BakeTemplateTask.php, line 88
Bake\Shell\Task\TemplateTask::getContent() - ROOT/vendor/cakephp/bake/src/Shell/Task/TemplateTask.php, line 430
Bake\Shell\Task\TemplateTask::main() - ROOT/vendor/cakephp/bake/src/Shell/Task/TemplateTask.php, line 152
Bake\Shell\BakeShell::Bake\Shell\{closure}() - ROOT/vendor/cakephp/bake/src/Shell/BakeShell.php, line 262
Cake\Collection\Collection::each() - CORE/src/Collection/CollectionTrait.php, line 51
Bake\Shell\BakeShell::all() - ROOT/vendor/cakephp/bake/src/Shell/BakeShell.php, line 263
Cake\Console\Shell::runCommand() - CORE/src/Console/Shell.php, line 458
Cake\Console\ShellDispatcher::_dispatch() - CORE/src/Console/ShellDispatcher.php, line 230
Cake\Console\ShellDispatcher::dispatch() - CORE/src/Console/ShellDispatcher.php, line 182
Cake\Console\ShellDispatcher::run() - CORE/src/Console/ShellDispatcher.php, line 128
[main] - ROOT/bin/cake.php, line 34



2017-04-09 02:52:05 Warning: Warning (2): file_put_contents(/var/www/html/restaurante/tmp/bake/Bake-Layout-default-ctp.php): failed to open stream: Permission denied in [/var/www/html/restaurante/vendor/cakephp/bake/src/View/BakeView.php, line 198]
Trace:
Cake\Error\BaseErrorHandler::handleError() - CORE/src/Error/BaseErrorHandler.php, line 153
file_put_contents - [internal], line ??
Bake\View\BakeView::_evaluate() - ROOT/vendor/cakephp/bake/src/View/BakeView.php, line 198
Cake\View\View::_render() - CORE/src/View/View.php, line 972
Cake\View\View::renderLayout() - CORE/src/View/View.php, line 643
Bake\View\BakeView::render() - ROOT/vendor/cakephp/bake/src/View/BakeView.php, line 148
Bake\Shell\Task\BakeTemplateTask::generate() - ROOT/vendor/cakephp/bake/src/Shell/Task/BakeTemplateTask.php, line 88
Bake\Shell\Task\TemplateTask::getContent() - ROOT/vendor/cakephp/bake/src/Shell/Task/TemplateTask.php, line 430
Bake\Shell\Task\TemplateTask::main() - ROOT/vendor/cakephp/bake/src/Shell/Task/TemplateTask.php, line 152
Bake\Shell\BakeShell::Bake\Shell\{closure}() - ROOT/vendor/cakephp/bake/src/Shell/BakeShell.php, line 262
Cake\Collection\Collection::each() - CORE/src/Collection/CollectionTrait.php, line 51
Bake\Shell\BakeShell::all() - ROOT/vendor/cakephp/bake/src/Shell/BakeShell.php, line 263
Cake\Console\Shell::runCommand() - CORE/src/Console/Shell.php, line 458
Cake\Console\ShellDispatcher::_dispatch() - CORE/src/Console/ShellDispatcher.php, line 230
Cake\Console\ShellDispatcher::dispatch() - CORE/src/Console/ShellDispatcher.php, line 182
Cake\Console\ShellDispatcher::run() - CORE/src/Console/ShellDispatcher.php, line 128
[main] - ROOT/bin/cake.php, line 34



2017-04-09 02:52:05 Warning: Warning (2): file_put_contents(/var/www/html/restaurante/tmp/bake/view-ctp.php): failed to open stream: Permission denied in [/var/www/html/restaurante/vendor/cakephp/bake/src/View/BakeView.php, line 198]
Trace:
Cake\Error\BaseErrorHandler::handleError() - CORE/src/Error/BaseErrorHandler.php, line 153
file_put_contents - [internal], line ??
Bake\View\BakeView::_evaluate() - ROOT/vendor/cakephp/bake/src/View/BakeView.php, line 198
Cake\View\View::_render() - CORE/src/View/View.php, line 972
Bake\View\BakeView::render() - ROOT/vendor/cakephp/bake/src/View/BakeView.php, line 140
Bake\Shell\Task\BakeTemplateTask::generate() - ROOT/vendor/cakephp/bake/src/Shell/Task/BakeTemplateTask.php, line 88
Bake\Shell\Task\TemplateTask::getContent() - ROOT/vendor/cakephp/bake/src/Shell/Task/TemplateTask.php, line 430
Bake\Shell\Task\TemplateTask::main() - ROOT/vendor/cakephp/bake/src/Shell/Task/TemplateTask.php, line 152
Bake\Shell\BakeShell::Bake\Shell\{closure}() - ROOT/vendor/cakephp/bake/src/Shell/BakeShell.php, line 262
Cake\Collection\Collection::each() - CORE/src/Collection/CollectionTrait.php, line 51
Bake\Shell\BakeShell::all() - ROOT/vendor/cakephp/bake/src/Shell/BakeShell.php, line 263
Cake\Console\Shell::runCommand() - CORE/src/Console/Shell.php, line 458
Cake\Console\ShellDispatcher::_dispatch() - CORE/src/Console/ShellDispatcher.php, line 230
Cake\Console\ShellDispatcher::dispatch() - CORE/src/Console/ShellDispatcher.php, line 182
Cake\Console\ShellDispatcher::run() - CORE/src/Console/ShellDispatcher.php, line 128
[main] - ROOT/bin/cake.php, line 34



2017-04-09 02:52:05 Warning: Warning (2): file_put_contents(/var/www/html/restaurante/tmp/bake/Bake-Layout-default-ctp.php): failed to open stream: Permission denied in [/var/www/html/restaurante/vendor/cakephp/bake/src/View/BakeView.php, line 198]
Trace:
Cake\Error\BaseErrorHandler::handleError() - CORE/src/Error/BaseErrorHandler.php, line 153
file_put_contents - [internal], line ??
Bake\View\BakeView::_evaluate() - ROOT/vendor/cakephp/bake/src/View/BakeView.php, line 198
Cake\View\View::_render() - CORE/src/View/View.php, line 972
Cake\View\View::renderLayout() - CORE/src/View/View.php, line 643
Bake\View\BakeView::render() - ROOT/vendor/cakephp/bake/src/View/BakeView.php, line 148
Bake\Shell\Task\BakeTemplateTask::generate() - ROOT/vendor/cakephp/bake/src/Shell/Task/BakeTemplateTask.php, line 88
Bake\Shell\Task\TemplateTask::getContent() - ROOT/vendor/cakephp/bake/src/Shell/Task/TemplateTask.php, line 430
Bake\Shell\Task\TemplateTask::main() - ROOT/vendor/cakephp/bake/src/Shell/Task/TemplateTask.php, line 152
Bake\Shell\BakeShell::Bake\Shell\{closure}() - ROOT/vendor/cakephp/bake/src/Shell/BakeShell.php, line 262
Cake\Collection\Collection::each() - CORE/src/Collection/CollectionTrait.php, line 51
Bake\Shell\BakeShell::all() - ROOT/vendor/cakephp/bake/src/Shell/BakeShell.php, line 263
Cake\Console\Shell::runCommand() - CORE/src/Console/Shell.php, line 458
Cake\Console\ShellDispatcher::_dispatch() - CORE/src/Console/ShellDispatcher.php, line 230
Cake\Console\ShellDispatcher::dispatch() - CORE/src/Console/ShellDispatcher.php, line 182
Cake\Console\ShellDispatcher::run() - CORE/src/Console/ShellDispatcher.php, line 128
[main] - ROOT/bin/cake.php, line 34



2017-04-09 02:52:05 Warning: Warning (2): file_put_contents(/var/www/html/restaurante/tmp/bake/add-ctp.php): failed to open stream: Permission denied in [/var/www/html/restaurante/vendor/cakephp/bake/src/View/BakeView.php, line 198]
Trace:
Cake\Error\BaseErrorHandler::handleError() - CORE/src/Error/BaseErrorHandler.php, line 153
file_put_contents - [internal], line ??
Bake\View\BakeView::_evaluate() - ROOT/vendor/cakephp/bake/src/View/BakeView.php, line 198
Cake\View\View::_render() - CORE/src/View/View.php, line 972
Bake\View\BakeView::render() - ROOT/vendor/cakephp/bake/src/View/BakeView.php, line 140
Bake\Shell\Task\BakeTemplateTask::generate() - ROOT/vendor/cakephp/bake/src/Shell/Task/BakeTemplateTask.php, line 88
Bake\Shell\Task\TemplateTask::getContent() - ROOT/vendor/cakephp/bake/src/Shell/Task/TemplateTask.php, line 430
Bake\Shell\Task\TemplateTask::main() - ROOT/vendor/cakephp/bake/src/Shell/Task/TemplateTask.php, line 152
Bake\Shell\BakeShell::Bake\Shell\{closure}() - ROOT/vendor/cakephp/bake/src/Shell/BakeShell.php, line 262
Cake\Collection\Collection::each() - CORE/src/Collection/CollectionTrait.php, line 51
Bake\Shell\BakeShell::all() - ROOT/vendor/cakephp/bake/src/Shell/BakeShell.php, line 263
Cake\Console\Shell::runCommand() - CORE/src/Console/Shell.php, line 458
Cake\Console\ShellDispatcher::_dispatch() - CORE/src/Console/ShellDispatcher.php, line 230
Cake\Console\ShellDispatcher::dispatch() - CORE/src/Console/ShellDispatcher.php, line 182
Cake\Console\ShellDispatcher::run() - CORE/src/Console/ShellDispatcher.php, line 128
[main] - ROOT/bin/cake.php, line 34



2017-04-09 02:52:05 Warning: Warning (2): file_put_contents(/var/www/html/restaurante/tmp/bake/Bake-Element-form-ctp.php): failed to open stream: Permission denied in [/var/www/html/restaurante/vendor/cakephp/bake/src/View/BakeView.php, line 198]
Trace:
Cake\Error\BaseErrorHandler::handleError() - CORE/src/Error/BaseErrorHandler.php, line 153
file_put_contents - [internal], line ??
Bake\View\BakeView::_evaluate() - ROOT/vendor/cakephp/bake/src/View/BakeView.php, line 198
Cake\View\View::_render() - CORE/src/View/View.php, line 972
Cake\View\View::_renderElement() - CORE/src/View/View.php, line 1358
Cake\View\View::element() - CORE/src/View/View.php, line 499
include - ROOT/tmp/bake/add-ctp.php, line 21
Bake\View\BakeView::_evaluate() - ROOT/vendor/cakephp/bake/src/View/BakeView.php, line 204
Cake\View\View::_render() - CORE/src/View/View.php, line 972
Bake\View\BakeView::render() - ROOT/vendor/cakephp/bake/src/View/BakeView.php, line 140
Bake\Shell\Task\BakeTemplateTask::generate() - ROOT/vendor/cakephp/bake/src/Shell/Task/BakeTemplateTask.php, line 88
Bake\Shell\Task\TemplateTask::getContent() - ROOT/vendor/cakephp/bake/src/Shell/Task/TemplateTask.php, line 430
Bake\Shell\Task\TemplateTask::main() - ROOT/vendor/cakephp/bake/src/Shell/Task/TemplateTask.php, line 152
Bake\Shell\BakeShell::Bake\Shell\{closure}() - ROOT/vendor/cakephp/bake/src/Shell/BakeShell.php, line 262
Cake\Collection\Collection::each() - CORE/src/Collection/CollectionTrait.php, line 51
Bake\Shell\BakeShell::all() - ROOT/vendor/cakephp/bake/src/Shell/BakeShell.php, line 263
Cake\Console\Shell::runCommand() - CORE/src/Console/Shell.php, line 458
Cake\Console\ShellDispatcher::_dispatch() - CORE/src/Console/ShellDispatcher.php, line 230
Cake\Console\ShellDispatcher::dispatch() - CORE/src/Console/ShellDispatcher.php, line 182
Cake\Console\ShellDispatcher::run() - CORE/src/Console/ShellDispatcher.php, line 128
[main] - ROOT/bin/cake.php, line 34



2017-04-09 02:52:05 Warning: Warning (2): file_put_contents(/var/www/html/restaurante/tmp/bake/Bake-Layout-default-ctp.php): failed to open stream: Permission denied in [/var/www/html/restaurante/vendor/cakephp/bake/src/View/BakeView.php, line 198]
Trace:
Cake\Error\BaseErrorHandler::handleError() - CORE/src/Error/BaseErrorHandler.php, line 153
file_put_contents - [internal], line ??
Bake\View\BakeView::_evaluate() - ROOT/vendor/cakephp/bake/src/View/BakeView.php, line 198
Cake\View\View::_render() - CORE/src/View/View.php, line 972
Cake\View\View::renderLayout() - CORE/src/View/View.php, line 643
Bake\View\BakeView::render() - ROOT/vendor/cakephp/bake/src/View/BakeView.php, line 148
Bake\Shell\Task\BakeTemplateTask::generate() - ROOT/vendor/cakephp/bake/src/Shell/Task/BakeTemplateTask.php, line 88
Bake\Shell\Task\TemplateTask::getContent() - ROOT/vendor/cakephp/bake/src/Shell/Task/TemplateTask.php, line 430
Bake\Shell\Task\TemplateTask::main() - ROOT/vendor/cakephp/bake/src/Shell/Task/TemplateTask.php, line 152
Bake\Shell\BakeShell::Bake\Shell\{closure}() - ROOT/vendor/cakephp/bake/src/Shell/BakeShell.php, line 262
Cake\Collection\Collection::each() - CORE/src/Collection/CollectionTrait.php, line 51
Bake\Shell\BakeShell::all() - ROOT/vendor/cakephp/bake/src/Shell/BakeShell.php, line 263
Cake\Console\Shell::runCommand() - CORE/src/Console/Shell.php, line 458
Cake\Console\ShellDispatcher::_dispatch() - CORE/src/Console/ShellDispatcher.php, line 230
Cake\Console\ShellDispatcher::dispatch() - CORE/src/Console/ShellDispatcher.php, line 182
Cake\Console\ShellDispatcher::run() - CORE/src/Console/ShellDispatcher.php, line 128
[main] - ROOT/bin/cake.php, line 34



2017-04-09 02:52:05 Warning: Warning (2): file_put_contents(/var/www/html/restaurante/tmp/bake/edit-ctp.php): failed to open stream: Permission denied in [/var/www/html/restaurante/vendor/cakephp/bake/src/View/BakeView.php, line 198]
Trace:
Cake\Error\BaseErrorHandler::handleError() - CORE/src/Error/BaseErrorHandler.php, line 153
file_put_contents - [internal], line ??
Bake\View\BakeView::_evaluate() - ROOT/vendor/cakephp/bake/src/View/BakeView.php, line 198
Cake\View\View::_render() - CORE/src/View/View.php, line 972
Bake\View\BakeView::render() - ROOT/vendor/cakephp/bake/src/View/BakeView.php, line 140
Bake\Shell\Task\BakeTemplateTask::generate() - ROOT/vendor/cakephp/bake/src/Shell/Task/BakeTemplateTask.php, line 88
Bake\Shell\Task\TemplateTask::getContent() - ROOT/vendor/cakephp/bake/src/Shell/Task/TemplateTask.php, line 430
Bake\Shell\Task\TemplateTask::main() - ROOT/vendor/cakephp/bake/src/Shell/Task/TemplateTask.php, line 152
Bake\Shell\BakeShell::Bake\Shell\{closure}() - ROOT/vendor/cakephp/bake/src/Shell/BakeShell.php, line 262
Cake\Collection\Collection::each() - CORE/src/Collection/CollectionTrait.php, line 51
Bake\Shell\BakeShell::all() - ROOT/vendor/cakephp/bake/src/Shell/BakeShell.php, line 263
Cake\Console\Shell::runCommand() - CORE/src/Console/Shell.php, line 458
Cake\Console\ShellDispatcher::_dispatch() - CORE/src/Console/ShellDispatcher.php, line 230
Cake\Console\ShellDispatcher::dispatch() - CORE/src/Console/ShellDispatcher.php, line 182
Cake\Console\ShellDispatcher::run() - CORE/src/Console/ShellDispatcher.php, line 128
[main] - ROOT/bin/cake.php, line 34



2017-04-09 02:52:05 Warning: Warning (2): file_put_contents(/var/www/html/restaurante/tmp/bake/Bake-Element-form-ctp.php): failed to open stream: Permission denied in [/var/www/html/restaurante/vendor/cakephp/bake/src/View/BakeView.php, line 198]
Trace:
Cake\Error\BaseErrorHandler::handleError() - CORE/src/Error/BaseErrorHandler.php, line 153
file_put_contents - [internal], line ??
Bake\View\BakeView::_evaluate() - ROOT/vendor/cakephp/bake/src/View/BakeView.php, line 198
Cake\View\View::_render() - CORE/src/View/View.php, line 972
Cake\View\View::_renderElement() - CORE/src/View/View.php, line 1358
Cake\View\View::element() - CORE/src/View/View.php, line 499
include - ROOT/tmp/bake/edit-ctp.php, line 21
Bake\View\BakeView::_evaluate() - ROOT/vendor/cakephp/bake/src/View/BakeView.php, line 204
Cake\View\View::_render() - CORE/src/View/View.php, line 972
Bake\View\BakeView::render() - ROOT/vendor/cakephp/bake/src/View/BakeView.php, line 140
Bake\Shell\Task\BakeTemplateTask::generate() - ROOT/vendor/cakephp/bake/src/Shell/Task/BakeTemplateTask.php, line 88
Bake\Shell\Task\TemplateTask::getContent() - ROOT/vendor/cakephp/bake/src/Shell/Task/TemplateTask.php, line 430
Bake\Shell\Task\TemplateTask::main() - ROOT/vendor/cakephp/bake/src/Shell/Task/TemplateTask.php, line 152
Bake\Shell\BakeShell::Bake\Shell\{closure}() - ROOT/vendor/cakephp/bake/src/Shell/BakeShell.php, line 262
Cake\Collection\Collection::each() - CORE/src/Collection/CollectionTrait.php, line 51
Bake\Shell\BakeShell::all() - ROOT/vendor/cakephp/bake/src/Shell/BakeShell.php, line 263
Cake\Console\Shell::runCommand() - CORE/src/Console/Shell.php, line 458
Cake\Console\ShellDispatcher::_dispatch() - CORE/src/Console/ShellDispatcher.php, line 230
Cake\Console\ShellDispatcher::dispatch() - CORE/src/Console/ShellDispatcher.php, line 182
Cake\Console\ShellDispatcher::run() - CORE/src/Console/ShellDispatcher.php, line 128
[main] - ROOT/bin/cake.php, line 34



2017-04-09 02:52:05 Warning: Warning (2): file_put_contents(/var/www/html/restaurante/tmp/bake/Bake-Layout-default-ctp.php): failed to open stream: Permission denied in [/var/www/html/restaurante/vendor/cakephp/bake/src/View/BakeView.php, line 198]
Trace:
Cake\Error\BaseErrorHandler::handleError() - CORE/src/Error/BaseErrorHandler.php, line 153
file_put_contents - [internal], line ??
Bake\View\BakeView::_evaluate() - ROOT/vendor/cakephp/bake/src/View/BakeView.php, line 198
Cake\View\View::_render() - CORE/src/View/View.php, line 972
Cake\View\View::renderLayout() - CORE/src/View/View.php, line 643
Bake\View\BakeView::render() - ROOT/vendor/cakephp/bake/src/View/BakeView.php, line 148
Bake\Shell\Task\BakeTemplateTask::generate() - ROOT/vendor/cakephp/bake/src/Shell/Task/BakeTemplateTask.php, line 88
Bake\Shell\Task\TemplateTask::getContent() - ROOT/vendor/cakephp/bake/src/Shell/Task/TemplateTask.php, line 430
Bake\Shell\Task\TemplateTask::main() - ROOT/vendor/cakephp/bake/src/Shell/Task/TemplateTask.php, line 152
Bake\Shell\BakeShell::Bake\Shell\{closure}() - ROOT/vendor/cakephp/bake/src/Shell/BakeShell.php, line 262
Cake\Collection\Collection::each() - CORE/src/Collection/CollectionTrait.php, line 51
Bake\Shell\BakeShell::all() - ROOT/vendor/cakephp/bake/src/Shell/BakeShell.php, line 263
Cake\Console\Shell::runCommand() - CORE/src/Console/Shell.php, line 458
Cake\Console\ShellDispatcher::_dispatch() - CORE/src/Console/ShellDispatcher.php, line 230
Cake\Console\ShellDispatcher::dispatch() - CORE/src/Console/ShellDispatcher.php, line 182
Cake\Console\ShellDispatcher::run() - CORE/src/Console/ShellDispatcher.php, line 128
[main] - ROOT/bin/cake.php, line 34



